<?xml version="1.0" encoding="UTF-8"?>
<coverage generated="1760473360288" clover="3.2.0">
  <project timestamp="1760473360288" name="All files">
    <metrics statements="117" coveredstatements="103" conditionals="133" coveredconditionals="97" methods="47" coveredmethods="41" elements="297" coveredelements="241" complexity="0" loc="117" ncloc="117" packages="1" files="10" classes="10"/>
    <file name="ContactForm.jsx" path="C:\Users\91750\Desktop\SurgeAina\Code\frontend_findVirtualMe\src\pages\portfolios\handyman\ContactForm.jsx">
      <metrics statements="43" coveredstatements="38" conditionals="51" coveredconditionals="33" methods="17" coveredmethods="15"/>
      <line num="9" count="11" type="stmt"/>
      <line num="10" count="11" type="stmt"/>
      <line num="13" count="11" type="stmt"/>
      <line num="14" count="3" type="stmt"/>
      <line num="15" count="0" type="cond" truecount="0" falsecount="2"/>
      <line num="16" count="0" type="cond" truecount="0" falsecount="2"/>
      <line num="18" count="3" type="stmt"/>
      <line num="19" count="3" type="stmt"/>
      <line num="22" count="11" type="stmt"/>
      <line num="24" count="11" type="stmt"/>
      <line num="25" count="1" type="cond" truecount="2" falsecount="2"/>
      <line num="26" count="0" type="cond" truecount="0" falsecount="2"/>
      <line num="29" count="11" type="stmt"/>
      <line num="30" count="11" type="cond" truecount="4" falsecount="0"/>
      <line num="31" count="2" type="cond" truecount="1" falsecount="1"/>
      <line num="32" count="0" type="stmt"/>
      <line num="35" count="11" type="stmt"/>
      <line num="59" count="8" type="cond" truecount="2" falsecount="1"/>
      <line num="60" count="8" type="stmt"/>
      <line num="61" count="8" type="cond" truecount="1" falsecount="1"/>
      <line num="62" count="8" type="stmt"/>
      <line num="69" count="1" type="stmt"/>
      <line num="84" count="2" type="cond" truecount="1" falsecount="1"/>
      <line num="93" count="10" type="stmt"/>
      <line num="95" count="10" type="stmt"/>
      <line num="102" count="10" type="stmt"/>
      <line num="105" count="10" type="stmt"/>
      <line num="107" count="10" type="stmt"/>
      <line num="108" count="4" type="stmt"/>
      <line num="109" count="4" type="stmt"/>
      <line num="112" count="10" type="stmt"/>
      <line num="113" count="1" type="stmt"/>
      <line num="116" count="10" type="stmt"/>
      <line num="117" count="1" type="stmt"/>
      <line num="118" count="1" type="cond" truecount="1" falsecount="1"/>
      <line num="119" count="1" type="stmt"/>
      <line num="121" count="1" type="stmt"/>
      <line num="122" count="1" type="stmt"/>
      <line num="126" count="1" type="stmt"/>
      <line num="127" count="1" type="stmt"/>
      <line num="135" count="0" type="cond" truecount="0" falsecount="2"/>
      <line num="137" count="1" type="stmt"/>
      <line num="141" count="10" type="stmt"/>
    </file>
    <file name="Estimator.jsx" path="C:\Users\91750\Desktop\SurgeAina\Code\frontend_findVirtualMe\src\pages\portfolios\handyman\Estimator.jsx">
      <metrics statements="14" coveredstatements="14" conditionals="4" coveredconditionals="4" methods="4" coveredmethods="4"/>
      <line num="5" count="1" type="stmt"/>
      <line num="13" count="1" type="stmt"/>
      <line num="14" count="6" type="stmt"/>
      <line num="15" count="6" type="stmt"/>
      <line num="18" count="6" type="stmt"/>
      <line num="19" count="6" type="cond" truecount="2" falsecount="0"/>
      <line num="20" count="3" type="stmt"/>
      <line num="22" count="3" type="stmt"/>
      <line num="23" count="3" type="stmt"/>
      <line num="24" count="3" type="stmt"/>
      <line num="25" count="3" type="stmt"/>
      <line num="28" count="6" type="stmt"/>
      <line num="35" count="2" type="stmt"/>
      <line num="49" count="1" type="stmt"/>
    </file>
    <file name="Footer.jsx" path="C:\Users\91750\Desktop\SurgeAina\Code\frontend_findVirtualMe\src\pages\portfolios\handyman\Footer.jsx">
      <metrics statements="2" coveredstatements="2" conditionals="0" coveredconditionals="0" methods="1" coveredmethods="1"/>
      <line num="4" count="1" type="stmt"/>
      <line num="5" count="1" type="stmt"/>
    </file>
    <file name="HandyManShowcasePage.jsx" path="C:\Users\91750\Desktop\SurgeAina\Code\frontend_findVirtualMe\src\pages\portfolios\handyman\HandyManShowcasePage.jsx">
      <metrics statements="4" coveredstatements="4" conditionals="0" coveredconditionals="0" methods="1" coveredmethods="1"/>
      <line num="21" count="1" type="stmt"/>
      <line num="60" count="1" type="stmt"/>
      <line num="61" count="1" type="stmt"/>
      <line num="93" count="1" type="stmt"/>
    </file>
    <file name="Hero.jsx" path="C:\Users\91750\Desktop\SurgeAina\Code\frontend_findVirtualMe\src\pages\portfolios\handyman\Hero.jsx">
      <metrics statements="2" coveredstatements="2" conditionals="10" coveredconditionals="9" methods="1" coveredmethods="1"/>
      <line num="16" count="3" type="cond" truecount="1" falsecount="1"/>
      <line num="18" count="3" type="stmt"/>
    </file>
    <file name="HeroSubNav.jsx" path="C:\Users\91750\Desktop\SurgeAina\Code\frontend_findVirtualMe\src\pages\portfolios\handyman\HeroSubNav.jsx">
      <metrics statements="9" coveredstatements="2" conditionals="2" coveredconditionals="0" methods="5" coveredmethods="1"/>
      <line num="6" count="1" type="stmt"/>
      <line num="7" count="0" type="stmt"/>
      <line num="8" count="0" type="stmt"/>
      <line num="9" count="0" type="cond" truecount="0" falsecount="2"/>
      <line num="10" count="0" type="stmt"/>
      <line num="14" count="1" type="stmt"/>
      <line num="18" count="0" type="stmt"/>
      <line num="23" count="0" type="stmt"/>
      <line num="28" count="0" type="stmt"/>
    </file>
    <file name="Portfolio.jsx" path="C:\Users\91750\Desktop\SurgeAina\Code\frontend_findVirtualMe\src\pages\portfolios\handyman\Portfolio.jsx">
      <metrics statements="28" coveredstatements="26" conditionals="31" coveredconditionals="26" methods="11" coveredmethods="11"/>
      <line num="23" count="6" type="cond" truecount="2" falsecount="0"/>
      <line num="25" count="6" type="cond" truecount="2" falsecount="0"/>
      <line num="26" count="6" type="stmt"/>
      <line num="29" count="6" type="stmt"/>
      <line num="30" count="4" type="cond" truecount="2" falsecount="0"/>
      <line num="31" count="1" type="cond" truecount="1" falsecount="1"/>
      <line num="32" count="1" type="stmt"/>
      <line num="34" count="1" type="stmt"/>
      <line num="35" count="1" type="stmt"/>
      <line num="36" count="1" type="stmt"/>
      <line num="39" count="1" type="cond" truecount="1" falsecount="1"/>
      <line num="40" count="1" type="cond" truecount="1" falsecount="3"/>
      <line num="41" count="1" type="stmt"/>
      <line num="44" count="0" type="stmt"/>
      <line num="45" count="0" type="stmt"/>
      <line num="49" count="1" type="stmt"/>
      <line num="50" count="1" type="stmt"/>
      <line num="55" count="6" type="stmt"/>
      <line num="56" count="5" type="stmt"/>
      <line num="57" count="11" type="cond" truecount="2" falsecount="0"/>
      <line num="58" count="5" type="stmt"/>
      <line num="61" count="6" type="stmt"/>
      <line num="62" count="6" type="cond" truecount="2" falsecount="0"/>
      <line num="63" count="3" type="stmt"/>
      <line num="66" count="6" type="stmt"/>
      <line num="74" count="20" type="stmt"/>
      <line num="77" count="1" type="stmt"/>
      <line num="91" count="12" type="stmt"/>
    </file>
    <file name="ProcessTimeline.jsx" path="C:\Users\91750\Desktop\SurgeAina\Code\frontend_findVirtualMe\src\pages\portfolios\handyman\ProcessTimeline.jsx">
      <metrics statements="3" coveredstatements="3" conditionals="5" coveredconditionals="4" methods="2" coveredmethods="2"/>
      <line num="4" count="1" type="cond" truecount="0" falsecount="1"/>
      <line num="5" count="1" type="stmt"/>
      <line num="10" count="5" type="stmt"/>
    </file>
    <file name="Services.jsx" path="C:\Users\91750\Desktop\SurgeAina\Code\frontend_findVirtualMe\src\pages\portfolios\handyman\Services.jsx">
      <metrics statements="9" coveredstatements="9" conditionals="21" coveredconditionals="16" methods="3" coveredmethods="3"/>
      <line num="9" count="2" type="cond" truecount="0" falsecount="1"/>
      <line num="11" count="3" type="cond" truecount="2" falsecount="0"/>
      <line num="13" count="3" type="cond" truecount="2" falsecount="0"/>
      <line num="15" count="3" type="stmt"/>
      <line num="22" count="8" type="cond" truecount="2" falsecount="1"/>
      <line num="23" count="8" type="cond" truecount="2" falsecount="1"/>
      <line num="24" count="8" type="cond" truecount="1" falsecount="1"/>
      <line num="25" count="8" type="stmt"/>
      <line num="33" count="26" type="stmt"/>
    </file>
    <file name="Testimonials.jsx" path="C:\Users\91750\Desktop\SurgeAina\Code\frontend_findVirtualMe\src\pages\portfolios\handyman\Testimonials.jsx">
      <metrics statements="3" coveredstatements="3" conditionals="9" coveredconditionals="5" methods="2" coveredmethods="2"/>
      <line num="4" count="1" type="cond" truecount="0" falsecount="1"/>
      <line num="5" count="1" type="stmt"/>
      <line num="14" count="2" type="stmt"/>
    </file>
  </project>
</coverage>
