{"C:\\Users\\91750\\Desktop\\SurgeAina\\Code\\frontend_findVirtualMe\\src\\pages\\portfolios\\handyman\\ContactForm.jsx": {"path":"C:\\Users\\91750\\Desktop\\SurgeAina\\Code\\frontend_findVirtualMe\\src\\pages\\portfolios\\handyman\\ContactForm.jsx","statementMap":{"0":{"start":{"line":9,"column":26},"end":{"line":9,"column":41}},"1":{"start":{"line":10,"column":17},"end":{"line":10,"column":29}},"2":{"start":{"line":13,"column":2},"end":{"line":20,"column":9}},"3":{"start":{"line":14,"column":23},"end":{"line":17,"column":5}},"4":{"start":{"line":15,"column":6},"end":{"line":15,"column":34}},"5":{"start":{"line":15,"column":27},"end":{"line":15,"column":34}},"6":{"start":{"line":16,"column":6},"end":{"line":16,"column":61}},"7":{"start":{"line":16,"column":46},"end":{"line":16,"column":61}},"8":{"start":{"line":18,"column":4},"end":{"line":18,"column":55}},"9":{"start":{"line":19,"column":4},"end":{"line":19,"column":71}},"10":{"start":{"line":19,"column":17},"end":{"line":19,"column":70}},"11":{"start":{"line":22,"column":17},"end":{"line":22,"column":41}},"12":{"start":{"line":22,"column":23},"end":{"line":22,"column":41}},"13":{"start":{"line":22,"column":38},"end":{"line":22,"column":40}},"14":{"start":{"line":24,"column":22},"end":{"line":27,"column":3}},"15":{"start":{"line":25,"column":4},"end":{"line":26,"column":60}},"16":{"start":{"line":25,"column":17},"end":{"line":25,"column":53}},"17":{"start":{"line":26,"column":9},"end":{"line":26,"column":60}},"18":{"start":{"line":26,"column":46},"end":{"line":26,"column":57}},"19":{"start":{"line":29,"column":18},"end":{"line":33,"column":6}},"20":{"start":{"line":30,"column":4},"end":{"line":30,"column":63}},"21":{"start":{"line":30,"column":38},"end":{"line":30,"column":63}},"22":{"start":{"line":31,"column":4},"end":{"line":31,"column":51}},"23":{"start":{"line":31,"column":27},"end":{"line":31,"column":51}},"24":{"start":{"line":32,"column":4},"end":{"line":32,"column":71}},"25":{"start":{"line":35,"column":2},"end":{"line":80,"column":4}},"26":{"start":{"line":59,"column":28},"end":{"line":59,"column":71}},"27":{"start":{"line":60,"column":25},"end":{"line":60,"column":78}},"28":{"start":{"line":61,"column":30},"end":{"line":61,"column":59}},"29":{"start":{"line":62,"column":14},"end":{"line":74,"column":16}},"30":{"start":{"line":69,"column":39},"end":{"line":69,"column":75}},"31":{"start":{"line":84,"column":20},"end":{"line":272,"column":1}},"32":{"start":{"line":93,"column":6},"end":{"line":93,"column":13}},"33":{"start":{"line":95,"column":34},"end":{"line":101,"column":4}},"34":{"start":{"line":102,"column":42},"end":{"line":102,"column":57}},"35":{"start":{"line":105,"column":17},"end":{"line":105,"column":28}},"36":{"start":{"line":107,"column":23},"end":{"line":110,"column":3}},"37":{"start":{"line":108,"column":28},"end":{"line":108,"column":36}},"38":{"start":{"line":109,"column":4},"end":{"line":109,"column":56}},"39":{"start":{"line":109,"column":27},"end":{"line":109,"column":53}},"40":{"start":{"line":112,"column":31},"end":{"line":114,"column":3}},"41":{"start":{"line":113,"column":4},"end":{"line":113,"column":77}},"42":{"start":{"line":113,"column":27},"end":{"line":113,"column":74}},"43":{"start":{"line":116,"column":23},"end":{"line":139,"column":3}},"44":{"start":{"line":117,"column":4},"end":{"line":117,"column":23}},"45":{"start":{"line":118,"column":4},"end":{"line":118,"column":23}},"46":{"start":{"line":118,"column":16},"end":{"line":118,"column":23}},"47":{"start":{"line":119,"column":4},"end":{"line":119,"column":26}},"48":{"start":{"line":121,"column":4},"end":{"line":138,"column":5}},"49":{"start":{"line":122,"column":6},"end":{"line":125,"column":9}},"50":{"start":{"line":126,"column":6},"end":{"line":126,"column":80}},"51":{"start":{"line":127,"column":6},"end":{"line":133,"column":9}},"52":{"start":{"line":135,"column":6},"end":{"line":135,"column":96}},"53":{"start":{"line":137,"column":6},"end":{"line":137,"column":29}},"54":{"start":{"line":141,"column":2},"end":{"line":271,"column":4}}},"fnMap":{"0":{"name":"ServicesMultiSelect","decl":{"start":{"line":8,"column":9},"end":{"line":8,"column":28}},"loc":{"start":{"line":8,"column":91},"end":{"line":81,"column":1}},"line":8},"1":{"name":"(anonymous_1)","decl":{"start":{"line":13,"column":12},"end":{"line":13,"column":13}},"loc":{"start":{"line":13,"column":18},"end":{"line":20,"column":3}},"line":13},"2":{"name":"(anonymous_2)","decl":{"start":{"line":14,"column":23},"end":{"line":14,"column":24}},"loc":{"start":{"line":14,"column":30},"end":{"line":17,"column":5}},"line":14},"3":{"name":"(anonymous_3)","decl":{"start":{"line":19,"column":11},"end":{"line":19,"column":12}},"loc":{"start":{"line":19,"column":17},"end":{"line":19,"column":70}},"line":19},"4":{"name":"(anonymous_4)","decl":{"start":{"line":22,"column":17},"end":{"line":22,"column":18}},"loc":{"start":{"line":22,"column":23},"end":{"line":22,"column":41}},"line":22},"5":{"name":"(anonymous_5)","decl":{"start":{"line":22,"column":31},"end":{"line":22,"column":32}},"loc":{"start":{"line":22,"column":38},"end":{"line":22,"column":40}},"line":22},"6":{"name":"(anonymous_6)","decl":{"start":{"line":24,"column":22},"end":{"line":24,"column":23}},"loc":{"start":{"line":24,"column":42},"end":{"line":27,"column":3}},"line":24},"7":{"name":"(anonymous_7)","decl":{"start":{"line":26,"column":39},"end":{"line":26,"column":40}},"loc":{"start":{"line":26,"column":46},"end":{"line":26,"column":57}},"line":26},"8":{"name":"(anonymous_8)","decl":{"start":{"line":29,"column":19},"end":{"line":29,"column":20}},"loc":{"start":{"line":29,"column":25},"end":{"line":33,"column":3}},"line":29},"9":{"name":"(anonymous_9)","decl":{"start":{"line":58,"column":25},"end":{"line":58,"column":26}},"loc":{"start":{"line":58,"column":37},"end":{"line":75,"column":13}},"line":58},"10":{"name":"(anonymous_10)","decl":{"start":{"line":69,"column":32},"end":{"line":69,"column":33}},"loc":{"start":{"line":69,"column":39},"end":{"line":69,"column":75}},"line":69},"11":{"name":"(anonymous_11)","decl":{"start":{"line":84,"column":20},"end":{"line":84,"column":21}},"loc":{"start":{"line":84,"column":69},"end":{"line":272,"column":1}},"line":84},"12":{"name":"(anonymous_12)","decl":{"start":{"line":107,"column":23},"end":{"line":107,"column":24}},"loc":{"start":{"line":107,"column":30},"end":{"line":110,"column":3}},"line":107},"13":{"name":"(anonymous_13)","decl":{"start":{"line":109,"column":16},"end":{"line":109,"column":17}},"loc":{"start":{"line":109,"column":27},"end":{"line":109,"column":53}},"line":109},"14":{"name":"(anonymous_14)","decl":{"start":{"line":112,"column":31},"end":{"line":112,"column":32}},"loc":{"start":{"line":112,"column":48},"end":{"line":114,"column":3}},"line":112},"15":{"name":"(anonymous_15)","decl":{"start":{"line":113,"column":16},"end":{"line":113,"column":17}},"loc":{"start":{"line":113,"column":27},"end":{"line":113,"column":74}},"line":113},"16":{"name":"(anonymous_16)","decl":{"start":{"line":116,"column":23},"end":{"line":116,"column":24}},"loc":{"start":{"line":116,"column":36},"end":{"line":139,"column":3}},"line":116}},"branchMap":{"0":{"loc":{"start":{"line":8,"column":31},"end":{"line":8,"column":43}},"type":"default-arg","locations":[{"start":{"line":8,"column":41},"end":{"line":8,"column":43}}],"line":8},"1":{"loc":{"start":{"line":8,"column":45},"end":{"line":8,"column":55}},"type":"default-arg","locations":[{"start":{"line":8,"column":53},"end":{"line":8,"column":55}}],"line":8},"2":{"loc":{"start":{"line":8,"column":67},"end":{"line":8,"column":87}},"type":"default-arg","locations":[{"start":{"line":8,"column":75},"end":{"line":8,"column":87}}],"line":8},"3":{"loc":{"start":{"line":15,"column":6},"end":{"line":15,"column":34}},"type":"if","locations":[{"start":{"line":15,"column":6},"end":{"line":15,"column":34}},{"start":{},"end":{}}],"line":15},"4":{"loc":{"start":{"line":16,"column":6},"end":{"line":16,"column":61}},"type":"if","locations":[{"start":{"line":16,"column":6},"end":{"line":16,"column":61}},{"start":{},"end":{}}],"line":16},"5":{"loc":{"start":{"line":25,"column":4},"end":{"line":26,"column":60}},"type":"if","locations":[{"start":{"line":25,"column":4},"end":{"line":26,"column":60}},{"start":{"line":26,"column":9},"end":{"line":26,"column":60}}],"line":25},"6":{"loc":{"start":{"line":25,"column":31},"end":{"line":25,"column":42}},"type":"binary-expr","locations":[{"start":{"line":25,"column":31},"end":{"line":25,"column":36}},{"start":{"line":25,"column":40},"end":{"line":25,"column":42}}],"line":25},"7":{"loc":{"start":{"line":26,"column":19},"end":{"line":26,"column":30}},"type":"binary-expr","locations":[{"start":{"line":26,"column":19},"end":{"line":26,"column":24}},{"start":{"line":26,"column":28},"end":{"line":26,"column":30}}],"line":26},"8":{"loc":{"start":{"line":30,"column":4},"end":{"line":30,"column":63}},"type":"if","locations":[{"start":{"line":30,"column":4},"end":{"line":30,"column":63}},{"start":{},"end":{}}],"line":30},"9":{"loc":{"start":{"line":30,"column":8},"end":{"line":30,"column":36}},"type":"binary-expr","locations":[{"start":{"line":30,"column":8},"end":{"line":30,"column":14}},{"start":{"line":30,"column":18},"end":{"line":30,"column":36}}],"line":30},"10":{"loc":{"start":{"line":31,"column":4},"end":{"line":31,"column":51}},"type":"if","locations":[{"start":{"line":31,"column":4},"end":{"line":31,"column":51}},{"start":{},"end":{}}],"line":31},"11":{"loc":{"start":{"line":41,"column":33},"end":{"line":41,"column":51}},"type":"cond-expr","locations":[{"start":{"line":41,"column":40},"end":{"line":41,"column":46}},{"start":{"line":41,"column":49},"end":{"line":41,"column":51}}],"line":41},"12":{"loc":{"start":{"line":46,"column":43},"end":{"line":46,"column":75}},"type":"cond-expr","locations":[{"start":{"line":46,"column":59},"end":{"line":46,"column":70}},{"start":{"line":46,"column":73},"end":{"line":46,"column":75}}],"line":46},"13":{"loc":{"start":{"line":52,"column":7},"end":{"line":78,"column":7}},"type":"binary-expr","locations":[{"start":{"line":52,"column":7},"end":{"line":52,"column":11}},{"start":{"line":53,"column":8},"end":{"line":77,"column":14}}],"line":52},"14":{"loc":{"start":{"line":59,"column":28},"end":{"line":59,"column":71}},"type":"binary-expr","locations":[{"start":{"line":59,"column":28},"end":{"line":59,"column":37}},{"start":{"line":59,"column":41},"end":{"line":59,"column":49}},{"start":{"line":59,"column":53},"end":{"line":59,"column":71}}],"line":59},"15":{"loc":{"start":{"line":61,"column":31},"end":{"line":61,"column":42}},"type":"binary-expr","locations":[{"start":{"line":61,"column":31},"end":{"line":61,"column":36}},{"start":{"line":61,"column":40},"end":{"line":61,"column":42}}],"line":61},"16":{"loc":{"start":{"line":84,"column":23},"end":{"line":84,"column":35}},"type":"default-arg","locations":[{"start":{"line":84,"column":33},"end":{"line":84,"column":35}}],"line":84},"17":{"loc":{"start":{"line":84,"column":49},"end":{"line":84,"column":62}},"type":"default-arg","locations":[{"start":{"line":84,"column":60},"end":{"line":84,"column":62}}],"line":84},"18":{"loc":{"start":{"line":86,"column":4},"end":{"line":86,"column":36}},"type":"default-arg","locations":[{"start":{"line":86,"column":12},"end":{"line":86,"column":36}}],"line":86},"19":{"loc":{"start":{"line":87,"column":4},"end":{"line":87,"column":136}},"type":"default-arg","locations":[{"start":{"line":87,"column":15},"end":{"line":87,"column":136}}],"line":87},"20":{"loc":{"start":{"line":88,"column":4},"end":{"line":88,"column":58}},"type":"default-arg","locations":[{"start":{"line":88,"column":16},"end":{"line":88,"column":58}}],"line":88},"21":{"loc":{"start":{"line":89,"column":4},"end":{"line":89,"column":28}},"type":"default-arg","locations":[{"start":{"line":89,"column":12},"end":{"line":89,"column":28}}],"line":89},"22":{"loc":{"start":{"line":90,"column":4},"end":{"line":90,"column":34}},"type":"default-arg","locations":[{"start":{"line":90,"column":12},"end":{"line":90,"column":34}}],"line":90},"23":{"loc":{"start":{"line":91,"column":4},"end":{"line":91,"column":30}},"type":"default-arg","locations":[{"start":{"line":91,"column":12},"end":{"line":91,"column":30}}],"line":91},"24":{"loc":{"start":{"line":92,"column":4},"end":{"line":92,"column":48}},"type":"default-arg","locations":[{"start":{"line":92,"column":11},"end":{"line":92,"column":48}}],"line":92},"25":{"loc":{"start":{"line":118,"column":4},"end":{"line":118,"column":23}},"type":"if","locations":[{"start":{"line":118,"column":4},"end":{"line":118,"column":23}},{"start":{},"end":{}}],"line":118},"26":{"loc":{"start":{"line":135,"column":18},"end":{"line":135,"column":94}},"type":"binary-expr","locations":[{"start":{"line":135,"column":18},"end":{"line":135,"column":47}},{"start":{"line":135,"column":51},"end":{"line":135,"column":94}}],"line":135},"27":{"loc":{"start":{"line":227,"column":28},"end":{"line":227,"column":50}},"type":"binary-expr","locations":[{"start":{"line":227,"column":28},"end":{"line":227,"column":40}},{"start":{"line":227,"column":44},"end":{"line":227,"column":50}}],"line":227},"28":{"loc":{"start":{"line":229,"column":25},"end":{"line":229,"column":82}},"type":"cond-expr","locations":[{"start":{"line":229,"column":34},"end":{"line":229,"column":70}},{"start":{"line":229,"column":73},"end":{"line":229,"column":82}}],"line":229},"29":{"loc":{"start":{"line":231,"column":19},"end":{"line":231,"column":105}},"type":"cond-expr","locations":[{"start":{"line":231,"column":28},"end":{"line":231,"column":51}},{"start":{"line":231,"column":54},"end":{"line":231,"column":105}}],"line":231},"30":{"loc":{"start":{"line":231,"column":54},"end":{"line":231,"column":105}},"type":"cond-expr","locations":[{"start":{"line":231,"column":69},"end":{"line":231,"column":79}},{"start":{"line":231,"column":82},"end":{"line":231,"column":105}}],"line":231}},"s":{"0":11,"1":11,"2":11,"3":3,"4":0,"5":0,"6":0,"7":0,"8":3,"9":3,"10":3,"11":11,"12":1,"13":1,"14":11,"15":1,"16":1,"17":0,"18":0,"19":11,"20":11,"21":9,"22":2,"23":2,"24":0,"25":11,"26":8,"27":8,"28":8,"29":8,"30":1,"31":2,"32":10,"33":10,"34":10,"35":10,"36":10,"37":4,"38":4,"39":4,"40":10,"41":1,"42":1,"43":10,"44":1,"45":1,"46":0,"47":1,"48":1,"49":1,"50":1,"51":1,"52":0,"53":1,"54":10},"f":{"0":11,"1":3,"2":0,"3":3,"4":1,"5":1,"6":1,"7":0,"8":11,"9":8,"10":1,"11":10,"12":4,"13":4,"14":1,"15":1,"16":1},"b":{"0":[0],"1":[0],"2":[0],"3":[0,0],"4":[0,0],"5":[1,0],"6":[1,0],"7":[0,0],"8":[9,2],"9":[11,11],"10":[2,0],"11":[4,7],"12":[2,9],"13":[11,4],"14":[8,4,0],"15":[8,0],"16":[1],"17":[0],"18":[1],"19":[10],"20":[10],"21":[10],"22":[10],"23":[10],"24":[10],"25":[0,1],"26":[0,0],"27":[10,9],"28":[2,8],"29":[2,8],"30":[1,7]},"_coverageSchema":"1a1c01bbd47fc00a2c39e90264f33305004495a9","hash":"6756447b13b82df3eb63075f5b5ea16d28c9c97e"}
,"C:\\Users\\91750\\Desktop\\SurgeAina\\Code\\frontend_findVirtualMe\\src\\pages\\portfolios\\handyman\\Estimator.jsx": {"path":"C:\\Users\\91750\\Desktop\\SurgeAina\\Code\\frontend_findVirtualMe\\src\\pages\\portfolios\\handyman\\Estimator.jsx","statementMap":{"0":{"start":{"line":5,"column":18},"end":{"line":11,"column":1}},"1":{"start":{"line":13,"column":18},"end":{"line":67,"column":1}},"2":{"start":{"line":14,"column":32},"end":{"line":14,"column":44}},"3":{"start":{"line":15,"column":28},"end":{"line":15,"column":39}},"4":{"start":{"line":18,"column":28},"end":{"line":26,"column":3}},"5":{"start":{"line":19,"column":4},"end":{"line":21,"column":5}},"6":{"start":{"line":20,"column":6},"end":{"line":20,"column":32}},"7":{"start":{"line":22,"column":17},"end":{"line":22,"column":35}},"8":{"start":{"line":23,"column":20},"end":{"line":23,"column":36}},"9":{"start":{"line":24,"column":20},"end":{"line":24,"column":36}},"10":{"start":{"line":25,"column":4},"end":{"line":25,"column":39}},"11":{"start":{"line":28,"column":2},"end":{"line":66,"column":4}},"12":{"start":{"line":35,"column":64},"end":{"line":35,"column":90}},"13":{"start":{"line":49,"column":33},"end":{"line":49,"column":65}}},"fnMap":{"0":{"name":"(anonymous_0)","decl":{"start":{"line":13,"column":18},"end":{"line":13,"column":19}},"loc":{"start":{"line":13,"column":24},"end":{"line":67,"column":1}},"line":13},"1":{"name":"(anonymous_1)","decl":{"start":{"line":18,"column":28},"end":{"line":18,"column":29}},"loc":{"start":{"line":18,"column":34},"end":{"line":26,"column":3}},"line":18},"2":{"name":"(anonymous_2)","decl":{"start":{"line":35,"column":57},"end":{"line":35,"column":58}},"loc":{"start":{"line":35,"column":64},"end":{"line":35,"column":90}},"line":35},"3":{"name":"(anonymous_3)","decl":{"start":{"line":49,"column":26},"end":{"line":49,"column":27}},"loc":{"start":{"line":49,"column":33},"end":{"line":49,"column":65}},"line":49}},"branchMap":{"0":{"loc":{"start":{"line":19,"column":4},"end":{"line":21,"column":5}},"type":"if","locations":[{"start":{"line":19,"column":4},"end":{"line":21,"column":5}},{"start":{},"end":{}}],"line":19},"1":{"loc":{"start":{"line":44,"column":11},"end":{"line":52,"column":11}},"type":"binary-expr","locations":[{"start":{"line":44,"column":11},"end":{"line":44,"column":18}},{"start":{"line":45,"column":13},"end":{"line":51,"column":15}}],"line":44}},"s":{"0":1,"1":1,"2":6,"3":6,"4":6,"5":6,"6":3,"7":3,"8":3,"9":3,"10":3,"11":6,"12":2,"13":1},"f":{"0":6,"1":6,"2":2,"3":1},"b":{"0":[3,3],"1":[6,3]},"_coverageSchema":"1a1c01bbd47fc00a2c39e90264f33305004495a9","hash":"90e9ac2784e128fc8dd9604fea604d4145151cff"}
,"C:\\Users\\91750\\Desktop\\SurgeAina\\Code\\frontend_findVirtualMe\\src\\pages\\portfolios\\handyman\\Footer.jsx": {"path":"C:\\Users\\91750\\Desktop\\SurgeAina\\Code\\frontend_findVirtualMe\\src\\pages\\portfolios\\handyman\\Footer.jsx","statementMap":{"0":{"start":{"line":4,"column":15},"end":{"line":10,"column":1}},"1":{"start":{"line":5,"column":2},"end":{"line":9,"column":4}}},"fnMap":{"0":{"name":"(anonymous_0)","decl":{"start":{"line":4,"column":15},"end":{"line":4,"column":16}},"loc":{"start":{"line":4,"column":21},"end":{"line":10,"column":1}},"line":4}},"branchMap":{},"s":{"0":1,"1":1},"f":{"0":1},"b":{},"_coverageSchema":"1a1c01bbd47fc00a2c39e90264f33305004495a9","hash":"f71e2ecbf166294ac90d57528bb1909471ea3442"}
,"C:\\Users\\91750\\Desktop\\SurgeAina\\Code\\frontend_findVirtualMe\\src\\pages\\portfolios\\handyman\\HandyManShowcasePage.jsx": {"path":"C:\\Users\\91750\\Desktop\\SurgeAina\\Code\\frontend_findVirtualMe\\src\\pages\\portfolios\\handyman\\HandyManShowcasePage.jsx","statementMap":{"0":{"start":{"line":21,"column":23},"end":{"line":58,"column":1}},"1":{"start":{"line":60,"column":29},"end":{"line":120,"column":1}},"2":{"start":{"line":61,"column":23},"end":{"line":91,"column":3}},"3":{"start":{"line":93,"column":2},"end":{"line":119,"column":4}}},"fnMap":{"0":{"name":"(anonymous_0)","decl":{"start":{"line":60,"column":29},"end":{"line":60,"column":30}},"loc":{"start":{"line":60,"column":35},"end":{"line":120,"column":1}},"line":60}},"branchMap":{},"s":{"0":1,"1":1,"2":1,"3":1},"f":{"0":1},"b":{},"_coverageSchema":"1a1c01bbd47fc00a2c39e90264f33305004495a9","hash":"f61a647485e29b930bf104c79af7835c8addfa02"}
,"C:\\Users\\91750\\Desktop\\SurgeAina\\Code\\frontend_findVirtualMe\\src\\pages\\portfolios\\handyman\\Hero.jsx": {"path":"C:\\Users\\91750\\Desktop\\SurgeAina\\Code\\frontend_findVirtualMe\\src\\pages\\portfolios\\handyman\\Hero.jsx","statementMap":{"0":{"start":{"line":16,"column":6},"end":{"line":16,"column":19}},"1":{"start":{"line":18,"column":2},"end":{"line":56,"column":4}}},"fnMap":{"0":{"name":"Hero","decl":{"start":{"line":4,"column":24},"end":{"line":4,"column":28}},"loc":{"start":{"line":4,"column":42},"end":{"line":57,"column":1}},"line":4}},"branchMap":{"0":{"loc":{"start":{"line":6,"column":4},"end":{"line":6,"column":61}},"type":"default-arg","locations":[{"start":{"line":6,"column":12},"end":{"line":6,"column":61}}],"line":6},"1":{"loc":{"start":{"line":7,"column":4},"end":{"line":7,"column":69}},"type":"default-arg","locations":[{"start":{"line":7,"column":15},"end":{"line":7,"column":69}}],"line":7},"2":{"loc":{"start":{"line":8,"column":4},"end":{"line":8,"column":34}},"type":"default-arg","locations":[{"start":{"line":8,"column":18},"end":{"line":8,"column":34}}],"line":8},"3":{"loc":{"start":{"line":9,"column":4},"end":{"line":9,"column":110}},"type":"default-arg","locations":[{"start":{"line":9,"column":15},"end":{"line":9,"column":110}}],"line":9},"4":{"loc":{"start":{"line":12,"column":4},"end":{"line":12,"column":37}},"type":"default-arg","locations":[{"start":{"line":12,"column":17},"end":{"line":12,"column":37}}],"line":12},"5":{"loc":{"start":{"line":13,"column":4},"end":{"line":13,"column":31}},"type":"default-arg","locations":[{"start":{"line":13,"column":17},"end":{"line":13,"column":31}}],"line":13},"6":{"loc":{"start":{"line":14,"column":4},"end":{"line":14,"column":41}},"type":"default-arg","locations":[{"start":{"line":14,"column":17},"end":{"line":14,"column":41}}],"line":14},"7":{"loc":{"start":{"line":15,"column":4},"end":{"line":15,"column":42}},"type":"default-arg","locations":[{"start":{"line":15,"column":17},"end":{"line":15,"column":42}}],"line":15},"8":{"loc":{"start":{"line":16,"column":6},"end":{"line":16,"column":19}},"type":"binary-expr","locations":[{"start":{"line":16,"column":6},"end":{"line":16,"column":13}},{"start":{"line":16,"column":17},"end":{"line":16,"column":19}}],"line":16}},"s":{"0":3,"1":3},"f":{"0":3},"b":{"0":[1],"1":[1],"2":[1],"3":[2],"4":[3],"5":[3],"6":[3],"7":[2],"8":[3,0]},"_coverageSchema":"1a1c01bbd47fc00a2c39e90264f33305004495a9","hash":"eed675e7e9367258dd24b8aec082db5f298ebac5"}
,"C:\\Users\\91750\\Desktop\\SurgeAina\\Code\\frontend_findVirtualMe\\src\\pages\\portfolios\\handyman\\HeroSubNav.jsx": {"path":"C:\\Users\\91750\\Desktop\\SurgeAina\\Code\\frontend_findVirtualMe\\src\\pages\\portfolios\\handyman\\HeroSubNav.jsx","statementMap":{"0":{"start":{"line":6,"column":25},"end":{"line":12,"column":5}},"1":{"start":{"line":7,"column":8},"end":{"line":7,"column":27}},"2":{"start":{"line":8,"column":23},"end":{"line":8,"column":56}},"3":{"start":{"line":9,"column":8},"end":{"line":11,"column":9}},"4":{"start":{"line":10,"column":8},"end":{"line":10,"column":70}},"5":{"start":{"line":14,"column":4},"end":{"line":34,"column":6}},"6":{"start":{"line":18,"column":48},"end":{"line":18,"column":75}},"7":{"start":{"line":23,"column":49},"end":{"line":23,"column":77}},"8":{"start":{"line":28,"column":47},"end":{"line":28,"column":73}}},"fnMap":{"0":{"name":"HeroSubNav","decl":{"start":{"line":4,"column":28},"end":{"line":4,"column":38}},"loc":{"start":{"line":4,"column":41},"end":{"line":35,"column":5}},"line":4},"1":{"name":"(anonymous_1)","decl":{"start":{"line":6,"column":25},"end":{"line":6,"column":26}},"loc":{"start":{"line":6,"column":42},"end":{"line":12,"column":5}},"line":6},"2":{"name":"(anonymous_2)","decl":{"start":{"line":18,"column":41},"end":{"line":18,"column":42}},"loc":{"start":{"line":18,"column":48},"end":{"line":18,"column":75}},"line":18},"3":{"name":"(anonymous_3)","decl":{"start":{"line":23,"column":42},"end":{"line":23,"column":43}},"loc":{"start":{"line":23,"column":49},"end":{"line":23,"column":77}},"line":23},"4":{"name":"(anonymous_4)","decl":{"start":{"line":28,"column":40},"end":{"line":28,"column":41}},"loc":{"start":{"line":28,"column":47},"end":{"line":28,"column":73}},"line":28}},"branchMap":{"0":{"loc":{"start":{"line":9,"column":8},"end":{"line":11,"column":9}},"type":"if","locations":[{"start":{"line":9,"column":8},"end":{"line":11,"column":9}},{"start":{},"end":{}}],"line":9}},"s":{"0":1,"1":0,"2":0,"3":0,"4":0,"5":1,"6":0,"7":0,"8":0},"f":{"0":1,"1":0,"2":0,"3":0,"4":0},"b":{"0":[0,0]},"_coverageSchema":"1a1c01bbd47fc00a2c39e90264f33305004495a9","hash":"079c72f946a775237da9873a13ff305a9eb518da"}
,"C:\\Users\\91750\\Desktop\\SurgeAina\\Code\\frontend_findVirtualMe\\src\\pages\\portfolios\\handyman\\Portfolio.jsx": {"path":"C:\\Users\\91750\\Desktop\\SurgeAina\\Code\\frontend_findVirtualMe\\src\\pages\\portfolios\\handyman\\Portfolio.jsx","statementMap":{"0":{"start":{"line":23,"column":19},"end":{"line":23,"column":60}},"1":{"start":{"line":25,"column":34},"end":{"line":25,"column":55}},"2":{"start":{"line":26,"column":30},"end":{"line":26,"column":48}},"3":{"start":{"line":29,"column":2},"end":{"line":52,"column":29}},"4":{"start":{"line":30,"column":4},"end":{"line":30,"column":25}},"5":{"start":{"line":30,"column":18},"end":{"line":30,"column":25}},"6":{"start":{"line":31,"column":4},"end":{"line":31,"column":28}},"7":{"start":{"line":31,"column":21},"end":{"line":31,"column":28}},"8":{"start":{"line":32,"column":17},"end":{"line":32,"column":22}},"9":{"start":{"line":34,"column":4},"end":{"line":47,"column":9}},"10":{"start":{"line":35,"column":6},"end":{"line":46,"column":7}},"11":{"start":{"line":36,"column":25},"end":{"line":38,"column":10}},"12":{"start":{"line":39,"column":8},"end":{"line":42,"column":9}},"13":{"start":{"line":40,"column":23},"end":{"line":40,"column":72}},"14":{"start":{"line":41,"column":10},"end":{"line":41,"column":28}},"15":{"start":{"line":44,"column":8},"end":{"line":44,"column":52}},"16":{"start":{"line":45,"column":8},"end":{"line":45,"column":24}},"17":{"start":{"line":49,"column":4},"end":{"line":51,"column":6}},"18":{"start":{"line":50,"column":6},"end":{"line":50,"column":20}},"19":{"start":{"line":55,"column":21},"end":{"line":59,"column":26}},"20":{"start":{"line":56,"column":17},"end":{"line":56,"column":26}},"21":{"start":{"line":57,"column":4},"end":{"line":57,"column":65}},"22":{"start":{"line":57,"column":28},"end":{"line":57,"column":63}},"23":{"start":{"line":58,"column":4},"end":{"line":58,"column":43}},"24":{"start":{"line":61,"column":19},"end":{"line":64,"column":34}},"25":{"start":{"line":62,"column":4},"end":{"line":62,"column":45}},"26":{"start":{"line":62,"column":29},"end":{"line":62,"column":45}},"27":{"start":{"line":63,"column":4},"end":{"line":63,"column":57}},"28":{"start":{"line":63,"column":34},"end":{"line":63,"column":55}},"29":{"start":{"line":66,"column":2},"end":{"line":129,"column":4}},"30":{"start":{"line":74,"column":10},"end":{"line":81,"column":19}},"31":{"start":{"line":77,"column":27},"end":{"line":77,"column":39}},"32":{"start":{"line":91,"column":12},"end":{"line":124,"column":22}}},"fnMap":{"0":{"name":"Portfolio","decl":{"start":{"line":16,"column":24},"end":{"line":16,"column":33}},"loc":{"start":{"line":22,"column":3},"end":{"line":130,"column":1}},"line":22},"1":{"name":"(anonymous_1)","decl":{"start":{"line":29,"column":12},"end":{"line":29,"column":13}},"loc":{"start":{"line":29,"column":18},"end":{"line":52,"column":3}},"line":29},"2":{"name":"(anonymous_2)","decl":{"start":{"line":34,"column":5},"end":{"line":34,"column":6}},"loc":{"start":{"line":34,"column":17},"end":{"line":47,"column":5}},"line":34},"3":{"name":"(anonymous_3)","decl":{"start":{"line":49,"column":11},"end":{"line":49,"column":12}},"loc":{"start":{"line":49,"column":17},"end":{"line":51,"column":5}},"line":49},"4":{"name":"(anonymous_4)","decl":{"start":{"line":55,"column":29},"end":{"line":55,"column":30}},"loc":{"start":{"line":55,"column":35},"end":{"line":59,"column":3}},"line":55},"5":{"name":"(anonymous_5)","decl":{"start":{"line":57,"column":21},"end":{"line":57,"column":22}},"loc":{"start":{"line":57,"column":28},"end":{"line":57,"column":63}},"line":57},"6":{"name":"(anonymous_6)","decl":{"start":{"line":61,"column":27},"end":{"line":61,"column":28}},"loc":{"start":{"line":61,"column":33},"end":{"line":64,"column":3}},"line":61},"7":{"name":"(anonymous_7)","decl":{"start":{"line":63,"column":27},"end":{"line":63,"column":28}},"loc":{"start":{"line":63,"column":34},"end":{"line":63,"column":55}},"line":63},"8":{"name":"(anonymous_8)","decl":{"start":{"line":73,"column":24},"end":{"line":73,"column":25}},"loc":{"start":{"line":74,"column":10},"end":{"line":81,"column":19}},"line":74},"9":{"name":"(anonymous_9)","decl":{"start":{"line":77,"column":21},"end":{"line":77,"column":22}},"loc":{"start":{"line":77,"column":27},"end":{"line":77,"column":39}},"line":77},"10":{"name":"(anonymous_10)","decl":{"start":{"line":90,"column":24},"end":{"line":90,"column":25}},"loc":{"start":{"line":91,"column":12},"end":{"line":124,"column":22}},"line":91}},"branchMap":{"0":{"loc":{"start":{"line":17,"column":2},"end":{"line":17,"column":45}},"type":"default-arg","locations":[{"start":{"line":17,"column":10},"end":{"line":17,"column":45}}],"line":17},"1":{"loc":{"start":{"line":18,"column":2},"end":{"line":18,"column":15}},"type":"default-arg","locations":[{"start":{"line":18,"column":13},"end":{"line":18,"column":15}}],"line":18},"2":{"loc":{"start":{"line":19,"column":2},"end":{"line":19,"column":18}},"type":"default-arg","locations":[{"start":{"line":19,"column":13},"end":{"line":19,"column":18}}],"line":19},"3":{"loc":{"start":{"line":23,"column":19},"end":{"line":23,"column":60}},"type":"binary-expr","locations":[{"start":{"line":23,"column":19},"end":{"line":23,"column":39}},{"start":{"line":23,"column":43},"end":{"line":23,"column":60}}],"line":23},"4":{"loc":{"start":{"line":25,"column":43},"end":{"line":25,"column":54}},"type":"binary-expr","locations":[{"start":{"line":25,"column":43},"end":{"line":25,"column":48}},{"start":{"line":25,"column":52},"end":{"line":25,"column":54}}],"line":25},"5":{"loc":{"start":{"line":30,"column":4},"end":{"line":30,"column":25}},"type":"if","locations":[{"start":{"line":30,"column":4},"end":{"line":30,"column":25}},{"start":{},"end":{}}],"line":30},"6":{"loc":{"start":{"line":31,"column":4},"end":{"line":31,"column":28}},"type":"if","locations":[{"start":{"line":31,"column":4},"end":{"line":31,"column":28}},{"start":{},"end":{}}],"line":31},"7":{"loc":{"start":{"line":39,"column":8},"end":{"line":42,"column":9}},"type":"if","locations":[{"start":{"line":39,"column":8},"end":{"line":42,"column":9}},{"start":{},"end":{}}],"line":39},"8":{"loc":{"start":{"line":40,"column":23},"end":{"line":40,"column":72}},"type":"cond-expr","locations":[{"start":{"line":40,"column":45},"end":{"line":40,"column":49}},{"start":{"line":40,"column":52},"end":{"line":40,"column":72}}],"line":40},"9":{"loc":{"start":{"line":40,"column":52},"end":{"line":40,"column":72}},"type":"binary-expr","locations":[{"start":{"line":40,"column":52},"end":{"line":40,"column":66}},{"start":{"line":40,"column":70},"end":{"line":40,"column":72}}],"line":40},"10":{"loc":{"start":{"line":57,"column":28},"end":{"line":57,"column":63}},"type":"binary-expr","locations":[{"start":{"line":57,"column":28},"end":{"line":57,"column":39}},{"start":{"line":57,"column":43},"end":{"line":57,"column":63}}],"line":57},"11":{"loc":{"start":{"line":62,"column":4},"end":{"line":62,"column":45}},"type":"if","locations":[{"start":{"line":62,"column":4},"end":{"line":62,"column":45}},{"start":{},"end":{}}],"line":62},"12":{"loc":{"start":{"line":69,"column":7},"end":{"line":69,"column":72}},"type":"cond-expr","locations":[{"start":{"line":69,"column":18},"end":{"line":69,"column":65}},{"start":{"line":69,"column":68},"end":{"line":69,"column":72}}],"line":69},"13":{"loc":{"start":{"line":76,"column":23},"end":{"line":76,"column":51}},"type":"cond-expr","locations":[{"start":{"line":76,"column":38},"end":{"line":76,"column":46}},{"start":{"line":76,"column":49},"end":{"line":76,"column":51}}],"line":76},"14":{"loc":{"start":{"line":86,"column":7},"end":{"line":127,"column":7}},"type":"cond-expr","locations":[{"start":{"line":87,"column":8},"end":{"line":87,"column":59}},{"start":{"line":89,"column":8},"end":{"line":126,"column":14}}],"line":86},"15":{"loc":{"start":{"line":93,"column":15},"end":{"line":93,"column":80}},"type":"binary-expr","locations":[{"start":{"line":93,"column":15},"end":{"line":93,"column":25}},{"start":{"line":93,"column":29},"end":{"line":93,"column":80}}],"line":93},"16":{"loc":{"start":{"line":98,"column":17},"end":{"line":100,"column":24}},"type":"cond-expr","locations":[{"start":{"line":99,"column":18},"end":{"line":99,"column":66}},{"start":{"line":100,"column":20},"end":{"line":100,"column":24}}],"line":98}},"s":{"0":6,"1":6,"2":6,"3":6,"4":4,"5":3,"6":1,"7":0,"8":1,"9":1,"10":1,"11":1,"12":1,"13":1,"14":1,"15":0,"16":0,"17":1,"18":1,"19":6,"20":5,"21":5,"22":11,"23":5,"24":6,"25":6,"26":5,"27":1,"28":3,"29":6,"30":20,"31":1,"32":12},"f":{"0":6,"1":4,"2":1,"3":1,"4":5,"5":11,"6":6,"7":3,"8":20,"9":1,"10":12},"b":{"0":[4],"1":[4],"2":[2],"3":[6,4],"4":[6,2],"5":[3,1],"6":[0,1],"7":[1,0],"8":[1,0],"9":[0,0],"10":[11,11],"11":[5,1],"12":[2,4],"13":[6,14],"14":[1,5],"15":[12,12],"16":[11,1]},"_coverageSchema":"1a1c01bbd47fc00a2c39e90264f33305004495a9","hash":"f47d78e91dd2c8d85de5fd1477439e6eda8cba30"}
,"C:\\Users\\91750\\Desktop\\SurgeAina\\Code\\frontend_findVirtualMe\\src\\pages\\portfolios\\handyman\\ProcessTimeline.jsx": {"path":"C:\\Users\\91750\\Desktop\\SurgeAina\\Code\\frontend_findVirtualMe\\src\\pages\\portfolios\\handyman\\ProcessTimeline.jsx","statementMap":{"0":{"start":{"line":4,"column":24},"end":{"line":23,"column":1}},"1":{"start":{"line":5,"column":2},"end":{"line":22,"column":4}},"2":{"start":{"line":10,"column":10},"end":{"line":18,"column":16}}},"fnMap":{"0":{"name":"(anonymous_0)","decl":{"start":{"line":4,"column":24},"end":{"line":4,"column":25}},"loc":{"start":{"line":4,"column":51},"end":{"line":23,"column":1}},"line":4},"1":{"name":"(anonymous_1)","decl":{"start":{"line":9,"column":19},"end":{"line":9,"column":20}},"loc":{"start":{"line":10,"column":10},"end":{"line":18,"column":16}},"line":10}},"branchMap":{"0":{"loc":{"start":{"line":4,"column":27},"end":{"line":4,"column":37}},"type":"default-arg","locations":[{"start":{"line":4,"column":35},"end":{"line":4,"column":37}}],"line":4},"1":{"loc":{"start":{"line":7,"column":11},"end":{"line":7,"column":61}},"type":"binary-expr","locations":[{"start":{"line":7,"column":11},"end":{"line":7,"column":16}},{"start":{"line":7,"column":20},"end":{"line":7,"column":61}}],"line":7},"2":{"loc":{"start":{"line":17,"column":13},"end":{"line":17,"column":83}},"type":"binary-expr","locations":[{"start":{"line":17,"column":13},"end":{"line":17,"column":37}},{"start":{"line":17,"column":41},"end":{"line":17,"column":83}}],"line":17}},"s":{"0":1,"1":1,"2":5},"f":{"0":1,"1":5},"b":{"0":[0],"1":[1,1],"2":[5,4]},"_coverageSchema":"1a1c01bbd47fc00a2c39e90264f33305004495a9","hash":"a9a9144656b43ae28242af51f8bf9336a7d29029"}
,"C:\\Users\\91750\\Desktop\\SurgeAina\\Code\\frontend_findVirtualMe\\src\\pages\\portfolios\\handyman\\Services.jsx": {"path":"C:\\Users\\91750\\Desktop\\SurgeAina\\Code\\frontend_findVirtualMe\\src\\pages\\portfolios\\handyman\\Services.jsx","statementMap":{"0":{"start":{"line":9,"column":17},"end":{"line":43,"column":1}},"1":{"start":{"line":11,"column":4},"end":{"line":11,"column":29}},"2":{"start":{"line":13,"column":4},"end":{"line":13,"column":54}},"3":{"start":{"line":15,"column":2},"end":{"line":42,"column":4}},"4":{"start":{"line":22,"column":24},"end":{"line":22,"column":77}},"5":{"start":{"line":23,"column":23},"end":{"line":23,"column":64}},"6":{"start":{"line":24,"column":26},"end":{"line":24,"column":79}},"7":{"start":{"line":25,"column":10},"end":{"line":38,"column":12}},"8":{"start":{"line":33,"column":20},"end":{"line":33,"column":41}}},"fnMap":{"0":{"name":"(anonymous_0)","decl":{"start":{"line":9,"column":17},"end":{"line":9,"column":18}},"loc":{"start":{"line":9,"column":52},"end":{"line":43,"column":1}},"line":9},"1":{"name":"(anonymous_1)","decl":{"start":{"line":21,"column":18},"end":{"line":21,"column":19}},"loc":{"start":{"line":21,"column":36},"end":{"line":39,"column":9}},"line":21},"2":{"name":"(anonymous_2)","decl":{"start":{"line":32,"column":31},"end":{"line":32,"column":32}},"loc":{"start":{"line":33,"column":20},"end":{"line":33,"column":41}},"line":33}},"branchMap":{"0":{"loc":{"start":{"line":9,"column":20},"end":{"line":9,"column":29}},"type":"default-arg","locations":[{"start":{"line":9,"column":27},"end":{"line":9,"column":29}}],"line":9},"1":{"loc":{"start":{"line":11,"column":4},"end":{"line":11,"column":29}},"type":"binary-expr","locations":[{"start":{"line":11,"column":4},"end":{"line":11,"column":11}},{"start":{"line":11,"column":15},"end":{"line":11,"column":29}}],"line":11},"2":{"loc":{"start":{"line":13,"column":4},"end":{"line":13,"column":54}},"type":"binary-expr","locations":[{"start":{"line":13,"column":4},"end":{"line":13,"column":9}},{"start":{"line":13,"column":13},"end":{"line":13,"column":54}}],"line":13},"3":{"loc":{"start":{"line":18,"column":7},"end":{"line":18,"column":49}},"type":"binary-expr","locations":[{"start":{"line":18,"column":7},"end":{"line":18,"column":8}},{"start":{"line":18,"column":12},"end":{"line":18,"column":49}}],"line":18},"4":{"loc":{"start":{"line":22,"column":24},"end":{"line":22,"column":77}},"type":"binary-expr","locations":[{"start":{"line":22,"column":24},"end":{"line":22,"column":37}},{"start":{"line":22,"column":41},"end":{"line":22,"column":53}},{"start":{"line":22,"column":57},"end":{"line":22,"column":77}}],"line":22},"5":{"loc":{"start":{"line":23,"column":23},"end":{"line":23,"column":64}},"type":"binary-expr","locations":[{"start":{"line":23,"column":23},"end":{"line":23,"column":42}},{"start":{"line":23,"column":46},"end":{"line":23,"column":58}},{"start":{"line":23,"column":62},"end":{"line":23,"column":64}}],"line":23},"6":{"loc":{"start":{"line":24,"column":26},"end":{"line":24,"column":79}},"type":"cond-expr","locations":[{"start":{"line":24,"column":59},"end":{"line":24,"column":74}},{"start":{"line":24,"column":77},"end":{"line":24,"column":79}}],"line":24},"7":{"loc":{"start":{"line":27,"column":45},"end":{"line":27,"column":65}},"type":"binary-expr","locations":[{"start":{"line":27,"column":45},"end":{"line":27,"column":57}},{"start":{"line":27,"column":61},"end":{"line":27,"column":65}}],"line":27},"8":{"loc":{"start":{"line":29,"column":15},"end":{"line":29,"column":61}},"type":"binary-expr","locations":[{"start":{"line":29,"column":15},"end":{"line":29,"column":19}},{"start":{"line":29,"column":23},"end":{"line":29,"column":61}}],"line":29},"9":{"loc":{"start":{"line":30,"column":15},"end":{"line":36,"column":15}},"type":"binary-expr","locations":[{"start":{"line":30,"column":15},"end":{"line":30,"column":33}},{"start":{"line":31,"column":16},"end":{"line":35,"column":21}}],"line":30}},"s":{"0":2,"1":3,"2":3,"3":3,"4":8,"5":8,"6":8,"7":8,"8":26},"f":{"0":3,"1":8,"2":26},"b":{"0":[0],"1":[3,1],"2":[3,1],"3":[3,3],"4":[8,1,0],"5":[8,1,0],"6":[8,0],"7":[8,0],"8":[8,8],"9":[8,7]},"_coverageSchema":"1a1c01bbd47fc00a2c39e90264f33305004495a9","hash":"6f2d51a0e51fabcfb3f12c666417953506596f55"}
,"C:\\Users\\91750\\Desktop\\SurgeAina\\Code\\frontend_findVirtualMe\\src\\pages\\portfolios\\handyman\\Testimonials.jsx": {"path":"C:\\Users\\91750\\Desktop\\SurgeAina\\Code\\frontend_findVirtualMe\\src\\pages\\portfolios\\handyman\\Testimonials.jsx","statementMap":{"0":{"start":{"line":4,"column":21},"end":{"line":28,"column":1}},"1":{"start":{"line":5,"column":2},"end":{"line":27,"column":4}},"2":{"start":{"line":14,"column":12},"end":{"line":22,"column":22}}},"fnMap":{"0":{"name":"(anonymous_0)","decl":{"start":{"line":4,"column":21},"end":{"line":4,"column":22}},"loc":{"start":{"line":4,"column":47},"end":{"line":28,"column":1}},"line":4},"1":{"name":"(anonymous_1)","decl":{"start":{"line":13,"column":20},"end":{"line":13,"column":21}},"loc":{"start":{"line":14,"column":12},"end":{"line":22,"column":22}},"line":14}},"branchMap":{"0":{"loc":{"start":{"line":4,"column":24},"end":{"line":4,"column":33}},"type":"default-arg","locations":[{"start":{"line":4,"column":31},"end":{"line":4,"column":33}}],"line":4},"1":{"loc":{"start":{"line":7,"column":11},"end":{"line":7,"column":42}},"type":"binary-expr","locations":[{"start":{"line":7,"column":11},"end":{"line":7,"column":16}},{"start":{"line":7,"column":20},"end":{"line":7,"column":42}}],"line":7},"2":{"loc":{"start":{"line":9,"column":7},"end":{"line":25,"column":7}},"type":"cond-expr","locations":[{"start":{"line":10,"column":8},"end":{"line":10,"column":66}},{"start":{"line":12,"column":8},"end":{"line":24,"column":14}}],"line":9},"3":{"loc":{"start":{"line":19,"column":17},"end":{"line":19,"column":83}},"type":"cond-expr","locations":[{"start":{"line":19,"column":30},"end":{"line":19,"column":76}},{"start":{"line":19,"column":79},"end":{"line":19,"column":83}}],"line":19},"4":{"loc":{"start":{"line":20,"column":17},"end":{"line":20,"column":80}},"type":"cond-expr","locations":[{"start":{"line":20,"column":29},"end":{"line":20,"column":73}},{"start":{"line":20,"column":76},"end":{"line":20,"column":80}}],"line":20}},"s":{"0":1,"1":1,"2":2},"f":{"0":1,"1":2},"b":{"0":[0],"1":[1,1],"2":[0,1],"3":[0,2],"4":[0,2]},"_coverageSchema":"1a1c01bbd47fc00a2c39e90264f33305004495a9","hash":"18d67fc568e25bbc576b08deff708937199d43e3"}
}
