{"C:\\Users\\91750\\Desktop\\SurgeAina\\Code\\frontend_findVirtualMe\\src\\components\\CTAbutton.jsx": {"path":"C:\\Users\\91750\\Desktop\\SurgeAina\\Code\\frontend_findVirtualMe\\src\\components\\CTAbutton.jsx","statementMap":{"0":{"start":{"line":2,"column":2},"end":{"line":9,"column":4}}},"fnMap":{"0":{"name":"CTAbutton","decl":{"start":{"line":1,"column":24},"end":{"line":1,"column":33}},"loc":{"start":{"line":1,"column":47},"end":{"line":10,"column":1}},"line":1}},"branchMap":{},"s":{"0":1},"f":{"0":1},"b":{},"_coverageSchema":"1a1c01bbd47fc00a2c39e90264f33305004495a9","hash":"41e831507856476a29dd717feeb4afcefef75fcc"}
,"C:\\Users\\91750\\Desktop\\SurgeAina\\Code\\frontend_findVirtualMe\\src\\components\\CookieConsent.jsx": {"path":"C:\\Users\\91750\\Desktop\\SurgeAina\\Code\\frontend_findVirtualMe\\src\\components\\CookieConsent.jsx","statementMap":{"0":{"start":{"line":4,"column":21},"end":{"line":4,"column":38}},"1":{"start":{"line":7,"column":2},"end":{"line":7,"column":93}},"2":{"start":{"line":10,"column":2},"end":{"line":13,"column":20}},"3":{"start":{"line":12,"column":19},"end":{"line":12,"column":52}},"4":{"start":{"line":17,"column":2},"end":{"line":17,"column":26}},"5":{"start":{"line":18,"column":2},"end":{"line":18,"column":47}},"6":{"start":{"line":20,"column":2},"end":{"line":20,"column":53}},"7":{"start":{"line":24,"column":26},"end":{"line":24,"column":41}},"8":{"start":{"line":26,"column":2},"end":{"line":31,"column":9}},"9":{"start":{"line":28,"column":18},"end":{"line":28,"column":55}},"10":{"start":{"line":29,"column":19},"end":{"line":29,"column":41}},"11":{"start":{"line":30,"column":4},"end":{"line":30,"column":41}},"12":{"start":{"line":30,"column":27},"end":{"line":30,"column":41}},"13":{"start":{"line":33,"column":17},"end":{"line":36,"column":3}},"14":{"start":{"line":34,"column":4},"end":{"line":34,"column":28}},"15":{"start":{"line":35,"column":4},"end":{"line":35,"column":19}},"16":{"start":{"line":38,"column":17},"end":{"line":41,"column":3}},"17":{"start":{"line":39,"column":4},"end":{"line":39,"column":28}},"18":{"start":{"line":40,"column":4},"end":{"line":40,"column":19}},"19":{"start":{"line":43,"column":2},"end":{"line":43,"column":25}},"20":{"start":{"line":43,"column":13},"end":{"line":43,"column":25}},"21":{"start":{"line":45,"column":2},"end":{"line":67,"column":4}}},"fnMap":{"0":{"name":"setConsentCookie","decl":{"start":{"line":6,"column":9},"end":{"line":6,"column":25}},"loc":{"start":{"line":6,"column":33},"end":{"line":8,"column":1}},"line":6},"1":{"name":"getConsentFromCookie","decl":{"start":{"line":9,"column":9},"end":{"line":9,"column":29}},"loc":{"start":{"line":9,"column":32},"end":{"line":14,"column":1}},"line":9},"2":{"name":"(anonymous_2)","decl":{"start":{"line":12,"column":10},"end":{"line":12,"column":11}},"loc":{"start":{"line":12,"column":19},"end":{"line":12,"column":52}},"line":12},"3":{"name":"saveConsent","decl":{"start":{"line":15,"column":9},"end":{"line":15,"column":20}},"loc":{"start":{"line":15,"column":28},"end":{"line":21,"column":1}},"line":15},"4":{"name":"CookieConsent","decl":{"start":{"line":23,"column":24},"end":{"line":23,"column":37}},"loc":{"start":{"line":23,"column":40},"end":{"line":68,"column":1}},"line":23},"5":{"name":"(anonymous_5)","decl":{"start":{"line":26,"column":12},"end":{"line":26,"column":13}},"loc":{"start":{"line":26,"column":18},"end":{"line":31,"column":3}},"line":26},"6":{"name":"(anonymous_6)","decl":{"start":{"line":33,"column":17},"end":{"line":33,"column":18}},"loc":{"start":{"line":33,"column":23},"end":{"line":36,"column":3}},"line":33},"7":{"name":"(anonymous_7)","decl":{"start":{"line":38,"column":17},"end":{"line":38,"column":18}},"loc":{"start":{"line":38,"column":23},"end":{"line":41,"column":3}},"line":38}},"branchMap":{"0":{"loc":{"start":{"line":30,"column":4},"end":{"line":30,"column":41}},"type":"if","locations":[{"start":{"line":30,"column":4},"end":{"line":30,"column":41}},{"start":{},"end":{}}],"line":30},"1":{"loc":{"start":{"line":30,"column":8},"end":{"line":30,"column":25}},"type":"binary-expr","locations":[{"start":{"line":30,"column":8},"end":{"line":30,"column":14}},{"start":{"line":30,"column":18},"end":{"line":30,"column":25}}],"line":30},"2":{"loc":{"start":{"line":43,"column":2},"end":{"line":43,"column":25}},"type":"if","locations":[{"start":{"line":43,"column":2},"end":{"line":43,"column":25}},{"start":{},"end":{}}],"line":43}},"s":{"0":1,"1":2,"2":4,"3":4,"4":2,"5":2,"6":2,"7":9,"8":9,"9":4,"10":4,"11":4,"12":3,"13":9,"14":1,"15":1,"16":9,"17":1,"18":1,"19":9,"20":6,"21":3},"f":{"0":2,"1":4,"2":4,"3":2,"4":9,"5":4,"6":1,"7":1},"b":{"0":[3,1],"1":[4,3],"2":[6,3]},"_coverageSchema":"1a1c01bbd47fc00a2c39e90264f33305004495a9","hash":"0197100b9530beb6f86114ff1d0d18d782e01944"}
,"C:\\Users\\91750\\Desktop\\SurgeAina\\Code\\frontend_findVirtualMe\\src\\components\\FloatingHelpButton.jsx": {"path":"C:\\Users\\91750\\Desktop\\SurgeAina\\Code\\frontend_findVirtualMe\\src\\components\\FloatingHelpButton.jsx","statementMap":{"0":{"start":{"line":5,"column":19},"end":{"line":5,"column":32}},"1":{"start":{"line":6,"column":26},"end":{"line":6,"column":41}},"2":{"start":{"line":8,"column":2},"end":{"line":33,"column":4}},"3":{"start":{"line":12,"column":26},"end":{"line":12,"column":39}},"4":{"start":{"line":13,"column":26},"end":{"line":13,"column":40}},"5":{"start":{"line":18,"column":23},"end":{"line":18,"column":43}}},"fnMap":{"0":{"name":"FloatingHelpButton","decl":{"start":{"line":4,"column":24},"end":{"line":4,"column":42}},"loc":{"start":{"line":4,"column":45},"end":{"line":34,"column":1}},"line":4},"1":{"name":"(anonymous_1)","decl":{"start":{"line":12,"column":20},"end":{"line":12,"column":21}},"loc":{"start":{"line":12,"column":26},"end":{"line":12,"column":39}},"line":12},"2":{"name":"(anonymous_2)","decl":{"start":{"line":13,"column":20},"end":{"line":13,"column":21}},"loc":{"start":{"line":13,"column":26},"end":{"line":13,"column":40}},"line":13},"3":{"name":"(anonymous_3)","decl":{"start":{"line":18,"column":17},"end":{"line":18,"column":18}},"loc":{"start":{"line":18,"column":23},"end":{"line":18,"column":43}},"line":18}},"branchMap":{"0":{"loc":{"start":{"line":11,"column":25},"end":{"line":11,"column":40}},"type":"cond-expr","locations":[{"start":{"line":11,"column":32},"end":{"line":11,"column":35}},{"start":{"line":11,"column":38},"end":{"line":11,"column":40}}],"line":11},"1":{"loc":{"start":{"line":17,"column":27},"end":{"line":17,"column":42}},"type":"cond-expr","locations":[{"start":{"line":17,"column":34},"end":{"line":17,"column":37}},{"start":{"line":17,"column":40},"end":{"line":17,"column":42}}],"line":17},"2":{"loc":{"start":{"line":21,"column":9},"end":{"line":23,"column":9}},"type":"binary-expr","locations":[{"start":{"line":21,"column":9},"end":{"line":21,"column":14}},{"start":{"line":22,"column":10},"end":{"line":22,"column":56}}],"line":21},"3":{"loc":{"start":{"line":26,"column":12},"end":{"line":26,"column":55}},"type":"cond-expr","locations":[{"start":{"line":26,"column":19},"end":{"line":26,"column":37}},{"start":{"line":26,"column":40},"end":{"line":26,"column":55}}],"line":26}},"s":{"0":5,"1":5,"2":5,"3":1,"4":1,"5":1},"f":{"0":5,"1":1,"2":1,"3":1},"b":{"0":[1,4],"1":[1,4],"2":[5,4],"3":[1,4]},"_coverageSchema":"1a1c01bbd47fc00a2c39e90264f33305004495a9","hash":"6625c825b365c076370c31e7bd489ab10fe29775"}
,"C:\\Users\\91750\\Desktop\\SurgeAina\\Code\\frontend_findVirtualMe\\src\\components\\Footer.jsx": {"path":"C:\\Users\\91750\\Desktop\\SurgeAina\\Code\\frontend_findVirtualMe\\src\\components\\Footer.jsx","statementMap":{"0":{"start":{"line":5,"column":2},"end":{"line":86,"column":4}}},"fnMap":{"0":{"name":"Footer","decl":{"start":{"line":4,"column":24},"end":{"line":4,"column":30}},"loc":{"start":{"line":4,"column":33},"end":{"line":87,"column":1}},"line":4}},"branchMap":{},"s":{"0":1},"f":{"0":1},"b":{},"_coverageSchema":"1a1c01bbd47fc00a2c39e90264f33305004495a9","hash":"4fdb9df22d3e03d9f173148a0acf5fea15d5cee5"}
,"C:\\Users\\91750\\Desktop\\SurgeAina\\Code\\frontend_findVirtualMe\\src\\components\\Layout.jsx": {"path":"C:\\Users\\91750\\Desktop\\SurgeAina\\Code\\frontend_findVirtualMe\\src\\components\\Layout.jsx","statementMap":{"0":{"start":{"line":5,"column":19},"end":{"line":5,"column":32}},"1":{"start":{"line":6,"column":22},"end":{"line":6,"column":66}},"2":{"start":{"line":7,"column":24},"end":{"line":7,"column":60}},"3":{"start":{"line":10,"column":21},"end":{"line":10,"column":52}},"4":{"start":{"line":12,"column":2},"end":{"line":19,"column":4}}},"fnMap":{"0":{"name":"Layout","decl":{"start":{"line":4,"column":24},"end":{"line":4,"column":30}},"loc":{"start":{"line":4,"column":45},"end":{"line":20,"column":1}},"line":4}},"branchMap":{"0":{"loc":{"start":{"line":10,"column":23},"end":{"line":10,"column":51}},"type":"binary-expr","locations":[{"start":{"line":10,"column":23},"end":{"line":10,"column":34}},{"start":{"line":10,"column":38},"end":{"line":10,"column":51}}],"line":10},"1":{"loc":{"start":{"line":14,"column":7},"end":{"line":14,"column":31}},"type":"binary-expr","locations":[{"start":{"line":14,"column":7},"end":{"line":14,"column":17}},{"start":{"line":14,"column":21},"end":{"line":14,"column":31}}],"line":14},"2":{"loc":{"start":{"line":15,"column":46},"end":{"line":15,"column":71}},"type":"cond-expr","locations":[{"start":{"line":15,"column":59},"end":{"line":15,"column":66}},{"start":{"line":15,"column":69},"end":{"line":15,"column":71}}],"line":15}},"s":{"0":3,"1":3,"2":3,"3":3,"4":3},"f":{"0":3},"b":{"0":[3,2],"1":[3,2],"2":[2,1]},"_coverageSchema":"1a1c01bbd47fc00a2c39e90264f33305004495a9","hash":"db668c8bfdea7400032f184a831521b9451b8920"}
,"C:\\Users\\91750\\Desktop\\SurgeAina\\Code\\frontend_findVirtualMe\\src\\components\\Navbar.jsx": {"path":"C:\\Users\\91750\\Desktop\\SurgeAina\\Code\\frontend_findVirtualMe\\src\\components\\Navbar.jsx","statementMap":{"0":{"start":{"line":10,"column":34},"end":{"line":10,"column":49}},"1":{"start":{"line":11,"column":34},"end":{"line":11,"column":51}},"2":{"start":{"line":12,"column":46},"end":{"line":12,"column":61}},"3":{"start":{"line":14,"column":34},"end":{"line":14,"column":57}},"4":{"start":{"line":16,"column":19},"end":{"line":16,"column":32}},"5":{"start":{"line":17,"column":23},"end":{"line":19,"column":3}},"6":{"start":{"line":18,"column":4},"end":{"line":18,"column":18}},"7":{"start":{"line":21,"column":2},"end":{"line":255,"column":4}},"8":{"start":{"line":46,"column":29},"end":{"line":46,"column":53}},"9":{"start":{"line":60,"column":29},"end":{"line":60,"column":51}},"10":{"start":{"line":67,"column":29},"end":{"line":67,"column":51}},"11":{"start":{"line":75,"column":31},"end":{"line":75,"column":56}},"12":{"start":{"line":86,"column":29},"end":{"line":86,"column":63}},"13":{"start":{"line":101,"column":33},"end":{"line":101,"column":53}},"14":{"start":{"line":111,"column":20},"end":{"line":111,"column":29}},"15":{"start":{"line":112,"column":20},"end":{"line":112,"column":34}},"16":{"start":{"line":130,"column":20},"end":{"line":130,"column":38}},"17":{"start":{"line":131,"column":20},"end":{"line":131,"column":41}},"18":{"start":{"line":144,"column":39},"end":{"line":144,"column":57}},"19":{"start":{"line":152,"column":53},"end":{"line":152,"column":74}},"20":{"start":{"line":152,"column":91},"end":{"line":152,"column":109}},"21":{"start":{"line":156,"column":45},"end":{"line":156,"column":66}},"22":{"start":{"line":164,"column":49},"end":{"line":164,"column":67}},"23":{"start":{"line":164,"column":89},"end":{"line":164,"column":109}},"24":{"start":{"line":168,"column":45},"end":{"line":168,"column":65}},"25":{"start":{"line":195,"column":16},"end":{"line":195,"column":41}},"26":{"start":{"line":196,"column":16},"end":{"line":196,"column":41}},"27":{"start":{"line":204,"column":16},"end":{"line":204,"column":41}},"28":{"start":{"line":205,"column":16},"end":{"line":205,"column":31}},"29":{"start":{"line":213,"column":16},"end":{"line":213,"column":41}},"30":{"start":{"line":214,"column":16},"end":{"line":214,"column":39}},"31":{"start":{"line":222,"column":16},"end":{"line":222,"column":41}},"32":{"start":{"line":223,"column":16},"end":{"line":223,"column":39}},"33":{"start":{"line":232,"column":18},"end":{"line":232,"column":43}},"34":{"start":{"line":233,"column":18},"end":{"line":233,"column":44}},"35":{"start":{"line":243,"column":18},"end":{"line":243,"column":43}},"36":{"start":{"line":244,"column":18},"end":{"line":244,"column":39}}},"fnMap":{"0":{"name":"Navbar","decl":{"start":{"line":9,"column":24},"end":{"line":9,"column":30}},"loc":{"start":{"line":9,"column":33},"end":{"line":256,"column":1}},"line":9},"1":{"name":"(anonymous_1)","decl":{"start":{"line":17,"column":23},"end":{"line":17,"column":24}},"loc":{"start":{"line":17,"column":29},"end":{"line":19,"column":3}},"line":17},"2":{"name":"(anonymous_2)","decl":{"start":{"line":46,"column":23},"end":{"line":46,"column":24}},"loc":{"start":{"line":46,"column":29},"end":{"line":46,"column":53}},"line":46},"3":{"name":"(anonymous_3)","decl":{"start":{"line":60,"column":23},"end":{"line":60,"column":24}},"loc":{"start":{"line":60,"column":29},"end":{"line":60,"column":51}},"line":60},"4":{"name":"(anonymous_4)","decl":{"start":{"line":67,"column":23},"end":{"line":67,"column":24}},"loc":{"start":{"line":67,"column":29},"end":{"line":67,"column":51}},"line":67},"5":{"name":"(anonymous_5)","decl":{"start":{"line":75,"column":25},"end":{"line":75,"column":26}},"loc":{"start":{"line":75,"column":31},"end":{"line":75,"column":56}},"line":75},"6":{"name":"(anonymous_6)","decl":{"start":{"line":86,"column":23},"end":{"line":86,"column":24}},"loc":{"start":{"line":86,"column":29},"end":{"line":86,"column":63}},"line":86},"7":{"name":"(anonymous_7)","decl":{"start":{"line":101,"column":27},"end":{"line":101,"column":28}},"loc":{"start":{"line":101,"column":33},"end":{"line":101,"column":53}},"line":101},"8":{"name":"(anonymous_8)","decl":{"start":{"line":110,"column":27},"end":{"line":110,"column":28}},"loc":{"start":{"line":110,"column":33},"end":{"line":113,"column":19}},"line":110},"9":{"name":"(anonymous_9)","decl":{"start":{"line":129,"column":27},"end":{"line":129,"column":28}},"loc":{"start":{"line":129,"column":33},"end":{"line":132,"column":19}},"line":129},"10":{"name":"(anonymous_10)","decl":{"start":{"line":144,"column":33},"end":{"line":144,"column":34}},"loc":{"start":{"line":144,"column":39},"end":{"line":144,"column":57}},"line":144},"11":{"name":"(anonymous_11)","decl":{"start":{"line":152,"column":47},"end":{"line":152,"column":48}},"loc":{"start":{"line":152,"column":53},"end":{"line":152,"column":74}},"line":152},"12":{"name":"(anonymous_12)","decl":{"start":{"line":152,"column":85},"end":{"line":152,"column":86}},"loc":{"start":{"line":152,"column":91},"end":{"line":152,"column":109}},"line":152},"13":{"name":"(anonymous_13)","decl":{"start":{"line":156,"column":39},"end":{"line":156,"column":40}},"loc":{"start":{"line":156,"column":45},"end":{"line":156,"column":66}},"line":156},"14":{"name":"(anonymous_14)","decl":{"start":{"line":164,"column":43},"end":{"line":164,"column":44}},"loc":{"start":{"line":164,"column":49},"end":{"line":164,"column":67}},"line":164},"15":{"name":"(anonymous_15)","decl":{"start":{"line":164,"column":83},"end":{"line":164,"column":84}},"loc":{"start":{"line":164,"column":89},"end":{"line":164,"column":109}},"line":164},"16":{"name":"(anonymous_16)","decl":{"start":{"line":168,"column":39},"end":{"line":168,"column":40}},"loc":{"start":{"line":168,"column":45},"end":{"line":168,"column":65}},"line":168},"17":{"name":"(anonymous_17)","decl":{"start":{"line":194,"column":23},"end":{"line":194,"column":24}},"loc":{"start":{"line":194,"column":29},"end":{"line":197,"column":15}},"line":194},"18":{"name":"(anonymous_18)","decl":{"start":{"line":203,"column":23},"end":{"line":203,"column":24}},"loc":{"start":{"line":203,"column":29},"end":{"line":206,"column":15}},"line":203},"19":{"name":"(anonymous_19)","decl":{"start":{"line":212,"column":23},"end":{"line":212,"column":24}},"loc":{"start":{"line":212,"column":29},"end":{"line":215,"column":15}},"line":212},"20":{"name":"(anonymous_20)","decl":{"start":{"line":221,"column":23},"end":{"line":221,"column":24}},"loc":{"start":{"line":221,"column":29},"end":{"line":224,"column":15}},"line":221},"21":{"name":"(anonymous_21)","decl":{"start":{"line":231,"column":25},"end":{"line":231,"column":26}},"loc":{"start":{"line":231,"column":31},"end":{"line":234,"column":17}},"line":231},"22":{"name":"(anonymous_22)","decl":{"start":{"line":242,"column":25},"end":{"line":242,"column":26}},"loc":{"start":{"line":242,"column":31},"end":{"line":245,"column":17}},"line":242}},"branchMap":{"0":{"loc":{"start":{"line":72,"column":13},"end":{"line":80,"column":13}},"type":"binary-expr","locations":[{"start":{"line":72,"column":13},"end":{"line":72,"column":17}},{"start":{"line":72,"column":21},"end":{"line":72,"column":42}},{"start":{"line":73,"column":14},"end":{"line":79,"column":23}}],"line":72},"1":{"loc":{"start":{"line":90,"column":15},"end":{"line":90,"column":88}},"type":"cond-expr","locations":[{"start":{"line":90,"column":32},"end":{"line":90,"column":57}},{"start":{"line":90,"column":60},"end":{"line":90,"column":88}}],"line":90},"2":{"loc":{"start":{"line":96,"column":13},"end":{"line":179,"column":13}},"type":"cond-expr","locations":[{"start":{"line":97,"column":14},"end":{"line":124,"column":17}},{"start":{"line":126,"column":14},"end":{"line":178,"column":17}}],"line":96},"3":{"loc":{"start":{"line":137,"column":17},"end":{"line":177,"column":17}},"type":"binary-expr","locations":[{"start":{"line":137,"column":17},"end":{"line":137,"column":25}},{"start":{"line":138,"column":18},"end":{"line":176,"column":24}}],"line":137},"4":{"loc":{"start":{"line":150,"column":23},"end":{"line":174,"column":23}},"type":"cond-expr","locations":[{"start":{"line":151,"column":24},"end":{"line":161,"column":27}},{"start":{"line":163,"column":24},"end":{"line":173,"column":27}}],"line":150},"5":{"loc":{"start":{"line":186,"column":12},"end":{"line":188,"column":62}},"type":"cond-expr","locations":[{"start":{"line":187,"column":16},"end":{"line":187,"column":63}},{"start":{"line":188,"column":16},"end":{"line":188,"column":62}}],"line":186},"6":{"loc":{"start":{"line":228,"column":13},"end":{"line":238,"column":13}},"type":"binary-expr","locations":[{"start":{"line":228,"column":13},"end":{"line":228,"column":17}},{"start":{"line":228,"column":21},"end":{"line":228,"column":42}},{"start":{"line":229,"column":14},"end":{"line":237,"column":23}}],"line":228},"7":{"loc":{"start":{"line":239,"column":13},"end":{"line":250,"column":13}},"type":"binary-expr","locations":[{"start":{"line":239,"column":13},"end":{"line":239,"column":17}},{"start":{"line":240,"column":14},"end":{"line":249,"column":23}}],"line":239}},"s":{"0":28,"1":28,"2":28,"3":28,"4":28,"5":28,"6":3,"7":28,"8":1,"9":3,"10":1,"11":1,"12":2,"13":1,"14":1,"15":1,"16":3,"17":3,"18":1,"19":1,"20":0,"21":1,"22":0,"23":1,"24":1,"25":1,"26":1,"27":1,"28":1,"29":1,"30":1,"31":1,"32":1,"33":1,"34":1,"35":1,"36":1},"f":{"0":28,"1":3,"2":1,"3":3,"4":1,"5":1,"6":2,"7":1,"8":1,"9":3,"10":1,"11":1,"12":0,"13":1,"14":0,"15":1,"16":1,"17":1,"18":1,"19":1,"20":1,"21":1,"22":1},"b":{"0":[28,15,5],"1":[2,26],"2":[15,13],"3":[13,7],"4":[5,2],"5":[2,26],"6":[28,15,5],"7":[28,15]},"_coverageSchema":"1a1c01bbd47fc00a2c39e90264f33305004495a9","hash":"20cd1c7d256f24f75f2c7b59c732508bbc22eff6"}
,"C:\\Users\\91750\\Desktop\\SurgeAina\\Code\\frontend_findVirtualMe\\src\\components\\PortfolioEditLogViewer.jsx": {"path":"C:\\Users\\91750\\Desktop\\SurgeAina\\Code\\frontend_findVirtualMe\\src\\components\\PortfolioEditLogViewer.jsx","statementMap":{"0":{"start":{"line":4,"column":16},"end":{"line":4,"column":75}},"1":{"start":{"line":7,"column":26},"end":{"line":7,"column":38}},"2":{"start":{"line":8,"column":32},"end":{"line":8,"column":46}},"3":{"start":{"line":9,"column":28},"end":{"line":9,"column":42}},"4":{"start":{"line":10,"column":26},"end":{"line":10,"column":37}},"5":{"start":{"line":11,"column":38},"end":{"line":11,"column":49}},"6":{"start":{"line":12,"column":30},"end":{"line":15,"column":4}},"7":{"start":{"line":16,"column":40},"end":{"line":16,"column":54}},"8":{"start":{"line":18,"column":2},"end":{"line":20,"column":21}},"9":{"start":{"line":19,"column":4},"end":{"line":19,"column":16}},"10":{"start":{"line":22,"column":20},"end":{"line":55,"column":3}},"11":{"start":{"line":23,"column":4},"end":{"line":23,"column":21}},"12":{"start":{"line":24,"column":4},"end":{"line":24,"column":19}},"13":{"start":{"line":25,"column":4},"end":{"line":54,"column":5}},"14":{"start":{"line":26,"column":16},"end":{"line":26,"column":73}},"15":{"start":{"line":29,"column":6},"end":{"line":35,"column":7}},"16":{"start":{"line":30,"column":8},"end":{"line":30,"column":71}},"17":{"start":{"line":31,"column":13},"end":{"line":35,"column":7}},"18":{"start":{"line":32,"column":8},"end":{"line":32,"column":76}},"19":{"start":{"line":33,"column":13},"end":{"line":35,"column":7}},"20":{"start":{"line":34,"column":8},"end":{"line":34,"column":74}},"21":{"start":{"line":37,"column":20},"end":{"line":37,"column":49}},"22":{"start":{"line":38,"column":22},"end":{"line":38,"column":24}},"23":{"start":{"line":39,"column":6},"end":{"line":41,"column":7}},"24":{"start":{"line":40,"column":8},"end":{"line":40,"column":53}},"25":{"start":{"line":43,"column":23},"end":{"line":43,"column":56}},"26":{"start":{"line":45,"column":6},"end":{"line":48,"column":7}},"27":{"start":{"line":46,"column":8},"end":{"line":46,"column":42}},"28":{"start":{"line":47,"column":8},"end":{"line":47,"column":53}},"29":{"start":{"line":50,"column":6},"end":{"line":50,"column":49}},"30":{"start":{"line":51,"column":6},"end":{"line":51,"column":85}},"31":{"start":{"line":53,"column":6},"end":{"line":53,"column":24}},"32":{"start":{"line":57,"column":21},"end":{"line":68,"column":3}},"33":{"start":{"line":58,"column":4},"end":{"line":58,"column":34}},"34":{"start":{"line":58,"column":21},"end":{"line":58,"column":34}},"35":{"start":{"line":59,"column":17},"end":{"line":59,"column":37}},"36":{"start":{"line":60,"column":4},"end":{"line":67,"column":7}},"37":{"start":{"line":70,"column":25},"end":{"line":77,"column":3}},"38":{"start":{"line":71,"column":4},"end":{"line":76,"column":5}},"39":{"start":{"line":72,"column":22},"end":{"line":72,"column":59}},"40":{"start":{"line":73,"column":22},"end":{"line":73,"column":57}},"41":{"start":{"line":74,"column":22},"end":{"line":74,"column":55}},"42":{"start":{"line":75,"column":15},"end":{"line":75,"column":50}},"43":{"start":{"line":79,"column":2},"end":{"line":326,"column":4}},"44":{"start":{"line":93,"column":33},"end":{"line":93,"column":90}},"45":{"start":{"line":112,"column":35},"end":{"line":112,"column":82}},"46":{"start":{"line":121,"column":16},"end":{"line":121,"column":54}},"47":{"start":{"line":122,"column":16},"end":{"line":122,"column":27}},"48":{"start":{"line":123,"column":16},"end":{"line":123,"column":28}},"49":{"start":{"line":181,"column":22},"end":{"line":215,"column":27}},"50":{"start":{"line":209,"column":43},"end":{"line":209,"column":99}},"51":{"start":{"line":226,"column":30},"end":{"line":226,"column":67}},"52":{"start":{"line":226,"column":45},"end":{"line":226,"column":66}},"53":{"start":{"line":227,"column":18},"end":{"line":227,"column":40}},"54":{"start":{"line":227,"column":28},"end":{"line":227,"column":40}},"55":{"start":{"line":228,"column":18},"end":{"line":295,"column":20}},"56":{"start":{"line":268,"column":67},"end":{"line":272,"column":35}},"57":{"start":{"line":269,"column":36},"end":{"line":269,"column":63}},"58":{"start":{"line":269,"column":50},"end":{"line":269,"column":63}},"59":{"start":{"line":270,"column":58},"end":{"line":270,"column":78}},"60":{"start":{"line":271,"column":36},"end":{"line":271,"column":112}},"61":{"start":{"line":273,"column":34},"end":{"line":280,"column":36}},"62":{"start":{"line":304,"column":33},"end":{"line":304,"column":65}},"63":{"start":{"line":304,"column":46},"end":{"line":304,"column":64}},"64":{"start":{"line":314,"column":33},"end":{"line":314,"column":74}},"65":{"start":{"line":314,"column":46},"end":{"line":314,"column":73}}},"fnMap":{"0":{"name":"PortfolioEditLogViewer","decl":{"start":{"line":6,"column":24},"end":{"line":6,"column":46}},"loc":{"start":{"line":6,"column":49},"end":{"line":327,"column":1}},"line":6},"1":{"name":"(anonymous_1)","decl":{"start":{"line":18,"column":12},"end":{"line":18,"column":13}},"loc":{"start":{"line":18,"column":18},"end":{"line":20,"column":3}},"line":18},"2":{"name":"(anonymous_2)","decl":{"start":{"line":22,"column":20},"end":{"line":22,"column":21}},"loc":{"start":{"line":22,"column":32},"end":{"line":55,"column":3}},"line":22},"3":{"name":"(anonymous_3)","decl":{"start":{"line":57,"column":21},"end":{"line":57,"column":22}},"loc":{"start":{"line":57,"column":37},"end":{"line":68,"column":3}},"line":57},"4":{"name":"(anonymous_4)","decl":{"start":{"line":70,"column":25},"end":{"line":70,"column":26}},"loc":{"start":{"line":70,"column":37},"end":{"line":77,"column":3}},"line":70},"5":{"name":"(anonymous_5)","decl":{"start":{"line":93,"column":26},"end":{"line":93,"column":27}},"loc":{"start":{"line":93,"column":33},"end":{"line":93,"column":90}},"line":93},"6":{"name":"(anonymous_6)","decl":{"start":{"line":112,"column":28},"end":{"line":112,"column":29}},"loc":{"start":{"line":112,"column":35},"end":{"line":112,"column":82}},"line":112},"7":{"name":"(anonymous_7)","decl":{"start":{"line":120,"column":23},"end":{"line":120,"column":24}},"loc":{"start":{"line":120,"column":29},"end":{"line":124,"column":15}},"line":120},"8":{"name":"(anonymous_8)","decl":{"start":{"line":180,"column":30},"end":{"line":180,"column":31}},"loc":{"start":{"line":181,"column":22},"end":{"line":215,"column":27}},"line":181},"9":{"name":"(anonymous_9)","decl":{"start":{"line":209,"column":37},"end":{"line":209,"column":38}},"loc":{"start":{"line":209,"column":43},"end":{"line":209,"column":99}},"line":209},"10":{"name":"(anonymous_10)","decl":{"start":{"line":225,"column":18},"end":{"line":225,"column":19}},"loc":{"start":{"line":225,"column":24},"end":{"line":296,"column":17}},"line":225},"11":{"name":"(anonymous_11)","decl":{"start":{"line":226,"column":40},"end":{"line":226,"column":41}},"loc":{"start":{"line":226,"column":45},"end":{"line":226,"column":66}},"line":226},"12":{"name":"(anonymous_12)","decl":{"start":{"line":266,"column":65},"end":{"line":266,"column":66}},"loc":{"start":{"line":266,"column":81},"end":{"line":281,"column":33}},"line":266},"13":{"name":"(anonymous_13)","decl":{"start":{"line":268,"column":67},"end":{"line":268,"column":68}},"loc":{"start":{"line":268,"column":80},"end":{"line":272,"column":35}},"line":268},"14":{"name":"(anonymous_14)","decl":{"start":{"line":304,"column":27},"end":{"line":304,"column":28}},"loc":{"start":{"line":304,"column":33},"end":{"line":304,"column":65}},"line":304},"15":{"name":"(anonymous_15)","decl":{"start":{"line":304,"column":41},"end":{"line":304,"column":42}},"loc":{"start":{"line":304,"column":46},"end":{"line":304,"column":64}},"line":304},"16":{"name":"(anonymous_16)","decl":{"start":{"line":314,"column":27},"end":{"line":314,"column":28}},"loc":{"start":{"line":314,"column":33},"end":{"line":314,"column":74}},"line":314},"17":{"name":"(anonymous_17)","decl":{"start":{"line":314,"column":41},"end":{"line":314,"column":42}},"loc":{"start":{"line":314,"column":46},"end":{"line":314,"column":73}},"line":314}},"branchMap":{"0":{"loc":{"start":{"line":4,"column":16},"end":{"line":4,"column":75}},"type":"binary-expr","locations":[{"start":{"line":4,"column":16},"end":{"line":4,"column":48}},{"start":{"line":4,"column":52},"end":{"line":4,"column":75}}],"line":4},"1":{"loc":{"start":{"line":29,"column":6},"end":{"line":35,"column":7}},"type":"if","locations":[{"start":{"line":29,"column":6},"end":{"line":35,"column":7}},{"start":{"line":31,"column":13},"end":{"line":35,"column":7}}],"line":29},"2":{"loc":{"start":{"line":29,"column":10},"end":{"line":29,"column":50}},"type":"binary-expr","locations":[{"start":{"line":29,"column":10},"end":{"line":29,"column":34}},{"start":{"line":29,"column":38},"end":{"line":29,"column":50}}],"line":29},"3":{"loc":{"start":{"line":31,"column":13},"end":{"line":35,"column":7}},"type":"if","locations":[{"start":{"line":31,"column":13},"end":{"line":35,"column":7}},{"start":{"line":33,"column":13},"end":{"line":35,"column":7}}],"line":31},"4":{"loc":{"start":{"line":31,"column":17},"end":{"line":31,"column":62}},"type":"binary-expr","locations":[{"start":{"line":31,"column":17},"end":{"line":31,"column":46}},{"start":{"line":31,"column":50},"end":{"line":31,"column":62}}],"line":31},"5":{"loc":{"start":{"line":33,"column":13},"end":{"line":35,"column":7}},"type":"if","locations":[{"start":{"line":33,"column":13},"end":{"line":35,"column":7}},{"start":{},"end":{}}],"line":33},"6":{"loc":{"start":{"line":33,"column":17},"end":{"line":33,"column":60}},"type":"binary-expr","locations":[{"start":{"line":33,"column":17},"end":{"line":33,"column":44}},{"start":{"line":33,"column":48},"end":{"line":33,"column":60}}],"line":33},"7":{"loc":{"start":{"line":39,"column":6},"end":{"line":41,"column":7}},"type":"if","locations":[{"start":{"line":39,"column":6},"end":{"line":41,"column":7}},{"start":{},"end":{}}],"line":39},"8":{"loc":{"start":{"line":45,"column":6},"end":{"line":48,"column":7}},"type":"if","locations":[{"start":{"line":45,"column":6},"end":{"line":48,"column":7}},{"start":{},"end":{}}],"line":45},"9":{"loc":{"start":{"line":46,"column":16},"end":{"line":46,"column":40}},"type":"binary-expr","locations":[{"start":{"line":46,"column":16},"end":{"line":46,"column":34}},{"start":{"line":46,"column":38},"end":{"line":46,"column":40}}],"line":46},"10":{"loc":{"start":{"line":47,"column":22},"end":{"line":47,"column":51}},"type":"binary-expr","locations":[{"start":{"line":47,"column":22},"end":{"line":47,"column":46}},{"start":{"line":47,"column":50},"end":{"line":47,"column":51}}],"line":47},"11":{"loc":{"start":{"line":51,"column":15},"end":{"line":51,"column":83}},"type":"binary-expr","locations":[{"start":{"line":51,"column":15},"end":{"line":51,"column":42}},{"start":{"line":51,"column":46},"end":{"line":51,"column":57}},{"start":{"line":51,"column":61},"end":{"line":51,"column":83}}],"line":51},"12":{"loc":{"start":{"line":58,"column":4},"end":{"line":58,"column":34}},"type":"if","locations":[{"start":{"line":58,"column":4},"end":{"line":58,"column":34}},{"start":{},"end":{}}],"line":58},"13":{"loc":{"start":{"line":71,"column":4},"end":{"line":76,"column":5}},"type":"switch","locations":[{"start":{"line":72,"column":6},"end":{"line":72,"column":59}},{"start":{"line":73,"column":6},"end":{"line":73,"column":57}},{"start":{"line":74,"column":6},"end":{"line":74,"column":55}},{"start":{"line":75,"column":6},"end":{"line":75,"column":50}}],"line":71},"14":{"loc":{"start":{"line":103,"column":13},"end":{"line":117,"column":13}},"type":"binary-expr","locations":[{"start":{"line":103,"column":13},"end":{"line":103,"column":34}},{"start":{"line":104,"column":14},"end":{"line":116,"column":20}}],"line":103},"15":{"loc":{"start":{"line":106,"column":19},"end":{"line":107,"column":80}},"type":"cond-expr","locations":[{"start":{"line":106,"column":46},"end":{"line":106,"column":55}},{"start":{"line":107,"column":19},"end":{"line":107,"column":80}}],"line":106},"16":{"loc":{"start":{"line":107,"column":19},"end":{"line":107,"column":80}},"type":"cond-expr","locations":[{"start":{"line":107,"column":51},"end":{"line":107,"column":65}},{"start":{"line":107,"column":68},"end":{"line":107,"column":80}}],"line":107},"17":{"loc":{"start":{"line":133,"column":9},"end":{"line":137,"column":9}},"type":"binary-expr","locations":[{"start":{"line":133,"column":9},"end":{"line":133,"column":14}},{"start":{"line":134,"column":10},"end":{"line":136,"column":16}}],"line":133},"18":{"loc":{"start":{"line":140,"column":9},"end":{"line":323,"column":9}},"type":"cond-expr","locations":[{"start":{"line":141,"column":10},"end":{"line":144,"column":16}},{"start":{"line":145,"column":12},"end":{"line":323,"column":9}}],"line":140},"19":{"loc":{"start":{"line":145,"column":12},"end":{"line":323,"column":9}},"type":"cond-expr","locations":[{"start":{"line":146,"column":10},"end":{"line":148,"column":16}},{"start":{"line":150,"column":10},"end":{"line":322,"column":13}}],"line":145},"20":{"loc":{"start":{"line":192,"column":58},"end":{"line":192,"column":75}},"type":"binary-expr","locations":[{"start":{"line":192,"column":58},"end":{"line":192,"column":66}},{"start":{"line":192,"column":70},"end":{"line":192,"column":75}}],"line":192},"21":{"loc":{"start":{"line":193,"column":68},"end":{"line":193,"column":91}},"type":"binary-expr","locations":[{"start":{"line":193,"column":68},"end":{"line":193,"column":77}},{"start":{"line":193,"column":81},"end":{"line":193,"column":91}}],"line":193},"22":{"loc":{"start":{"line":201,"column":29},"end":{"line":201,"column":51}},"type":"binary-expr","locations":[{"start":{"line":201,"column":29},"end":{"line":201,"column":42}},{"start":{"line":201,"column":46},"end":{"line":201,"column":51}}],"line":201},"23":{"loc":{"start":{"line":205,"column":27},"end":{"line":205,"column":53}},"type":"binary-expr","locations":[{"start":{"line":205,"column":27},"end":{"line":205,"column":48}},{"start":{"line":205,"column":52},"end":{"line":205,"column":53}}],"line":205},"24":{"loc":{"start":{"line":209,"column":58},"end":{"line":209,"column":98}},"type":"cond-expr","locations":[{"start":{"line":209,"column":84},"end":{"line":209,"column":88}},{"start":{"line":209,"column":91},"end":{"line":209,"column":98}}],"line":209},"25":{"loc":{"start":{"line":212,"column":29},"end":{"line":212,"column":70}},"type":"cond-expr","locations":[{"start":{"line":212,"column":55},"end":{"line":212,"column":61}},{"start":{"line":212,"column":64},"end":{"line":212,"column":70}}],"line":212},"26":{"loc":{"start":{"line":223,"column":13},"end":{"line":298,"column":13}},"type":"binary-expr","locations":[{"start":{"line":223,"column":13},"end":{"line":223,"column":24}},{"start":{"line":224,"column":14},"end":{"line":297,"column":20}}],"line":223},"27":{"loc":{"start":{"line":227,"column":18},"end":{"line":227,"column":40}},"type":"if","locations":[{"start":{"line":227,"column":18},"end":{"line":227,"column":40}},{"start":{},"end":{}}],"line":227},"28":{"loc":{"start":{"line":234,"column":64},"end":{"line":234,"column":88}},"type":"binary-expr","locations":[{"start":{"line":234,"column":64},"end":{"line":234,"column":79}},{"start":{"line":234,"column":83},"end":{"line":234,"column":88}}],"line":234},"29":{"loc":{"start":{"line":242,"column":64},"end":{"line":242,"column":82}},"type":"binary-expr","locations":[{"start":{"line":242,"column":64},"end":{"line":242,"column":73}},{"start":{"line":242,"column":77},"end":{"line":242,"column":82}}],"line":242},"30":{"loc":{"start":{"line":250,"column":23},"end":{"line":293,"column":23}},"type":"binary-expr","locations":[{"start":{"line":250,"column":23},"end":{"line":250,"column":36}},{"start":{"line":250,"column":40},"end":{"line":250,"column":64}},{"start":{"line":251,"column":24},"end":{"line":292,"column":30}}],"line":250},"31":{"loc":{"start":{"line":269,"column":36},"end":{"line":269,"column":63}},"type":"if","locations":[{"start":{"line":269,"column":36},"end":{"line":269,"column":63}},{"start":{},"end":{}}],"line":269},"32":{"loc":{"start":{"line":271,"column":43},"end":{"line":271,"column":111}},"type":"cond-expr","locations":[{"start":{"line":271,"column":66},"end":{"line":271,"column":101}},{"start":{"line":271,"column":104},"end":{"line":271,"column":111}}],"line":271},"33":{"loc":{"start":{"line":282,"column":33},"end":{"line":288,"column":33}},"type":"binary-expr","locations":[{"start":{"line":282,"column":33},"end":{"line":282,"column":59}},{"start":{"line":283,"column":34},"end":{"line":287,"column":39}}],"line":282},"34":{"loc":{"start":{"line":301,"column":13},"end":{"line":321,"column":13}},"type":"binary-expr","locations":[{"start":{"line":301,"column":13},"end":{"line":301,"column":34}},{"start":{"line":301,"column":38},"end":{"line":301,"column":52}},{"start":{"line":302,"column":14},"end":{"line":320,"column":20}}],"line":301}},"s":{"0":1,"1":92,"2":92,"3":92,"4":92,"5":92,"6":92,"7":92,"8":92,"9":40,"10":92,"11":41,"12":41,"13":41,"14":41,"15":41,"16":8,"17":33,"18":0,"19":33,"20":0,"21":41,"22":41,"23":41,"24":1,"25":41,"26":36,"27":36,"28":36,"29":3,"30":3,"31":39,"32":92,"33":134,"34":1,"35":133,"36":133,"37":92,"38":133,"39":45,"40":45,"41":43,"42":0,"43":92,"44":2,"45":7,"46":1,"47":1,"48":1,"49":133,"50":1,"51":1,"52":1,"53":1,"54":0,"55":1,"56":0,"57":0,"58":0,"59":0,"60":0,"61":0,"62":1,"63":1,"64":4,"65":4},"f":{"0":92,"1":40,"2":41,"3":134,"4":133,"5":2,"6":7,"7":1,"8":133,"9":1,"10":1,"11":1,"12":0,"13":0,"14":1,"15":1,"16":4,"17":4},"b":{"0":[1,1],"1":[8,33],"2":[41,10],"3":[0,33],"4":[33,0],"5":[0,33],"6":[33,0],"7":[1,40],"8":[36,0],"9":[36,0],"10":[36,0],"11":[3,2,1],"12":[1,133],"13":[45,45,43,0],"14":[92,26],"15":[26,0],"16":[0,0],"17":[92,3],"18":[41,51],"19":[4,47],"20":[133,43],"21":[133,43],"22":[133,0],"23":[133,45],"24":[0,1],"25":[1,132],"26":[47,1],"27":[0,1],"28":[1,0],"29":[1,0],"30":[1,1,0],"31":[0,0],"32":[0,0],"33":[0,0],"34":[47,30,14]},"_coverageSchema":"1a1c01bbd47fc00a2c39e90264f33305004495a9","hash":"d3980b6a685a75ad71d9e829ffeb41379f416a04"}
,"C:\\Users\\91750\\Desktop\\SurgeAina\\Code\\frontend_findVirtualMe\\src\\components\\Tip.jsx": {"path":"C:\\Users\\91750\\Desktop\\SurgeAina\\Code\\frontend_findVirtualMe\\src\\components\\Tip.jsx","statementMap":{"0":{"start":{"line":2,"column":2},"end":{"line":6,"column":4}}},"fnMap":{"0":{"name":"Tip","decl":{"start":{"line":1,"column":24},"end":{"line":1,"column":27}},"loc":{"start":{"line":1,"column":41},"end":{"line":7,"column":1}},"line":1}},"branchMap":{},"s":{"0":1},"f":{"0":1},"b":{},"_coverageSchema":"1a1c01bbd47fc00a2c39e90264f33305004495a9","hash":"02e6dc58ecd94233169dbbad497c47b2371b6e70"}
,"C:\\Users\\91750\\Desktop\\SurgeAina\\Code\\frontend_findVirtualMe\\src\\context\\AuthContext.jsx": {"path":"C:\\Users\\91750\\Desktop\\SurgeAina\\Code\\frontend_findVirtualMe\\src\\context\\AuthContext.jsx","statementMap":{"0":{"start":{"line":5,"column":27},"end":{"line":5,"column":42}},"1":{"start":{"line":9,"column":48},"end":{"line":9,"column":89}},"2":{"start":{"line":10,"column":24},"end":{"line":16,"column":3}},"3":{"start":{"line":11,"column":4},"end":{"line":11,"column":37}},"4":{"start":{"line":12,"column":4},"end":{"line":12,"column":37}},"5":{"start":{"line":13,"column":4},"end":{"line":13,"column":43}},"6":{"start":{"line":14,"column":4},"end":{"line":14,"column":30}},"7":{"start":{"line":15,"column":4},"end":{"line":15,"column":33}},"8":{"start":{"line":17,"column":23},"end":{"line":19,"column":3}},"9":{"start":{"line":18,"column":4},"end":{"line":18,"column":29}},"10":{"start":{"line":22,"column":26},"end":{"line":22,"column":40}},"11":{"start":{"line":23,"column":28},"end":{"line":23,"column":75}},"12":{"start":{"line":24,"column":21},"end":{"line":24,"column":53}},"13":{"start":{"line":25,"column":22},"end":{"line":25,"column":38}},"14":{"start":{"line":26,"column":40},"end":{"line":26,"column":54}},"15":{"start":{"line":27,"column":2},"end":{"line":50,"column":14}},"16":{"start":{"line":28,"column":4},"end":{"line":28,"column":23}},"17":{"start":{"line":28,"column":16},"end":{"line":28,"column":23}},"18":{"start":{"line":29,"column":4},"end":{"line":49,"column":5}},"19":{"start":{"line":30,"column":6},"end":{"line":48,"column":11}},"20":{"start":{"line":35,"column":10},"end":{"line":35,"column":33}},"21":{"start":{"line":36,"column":10},"end":{"line":36,"column":62}},"22":{"start":{"line":39,"column":10},"end":{"line":42,"column":11}},"23":{"start":{"line":40,"column":12},"end":{"line":40,"column":90}},"24":{"start":{"line":41,"column":12},"end":{"line":41,"column":100}},"25":{"start":{"line":45,"column":10},"end":{"line":45,"column":25}},"26":{"start":{"line":46,"column":10},"end":{"line":46,"column":24}},"27":{"start":{"line":47,"column":10},"end":{"line":47,"column":43}},"28":{"start":{"line":52,"column":2},"end":{"line":54,"column":20}},"29":{"start":{"line":53,"column":4},"end":{"line":53,"column":76}},"30":{"start":{"line":53,"column":21},"end":{"line":53,"column":76}},"31":{"start":{"line":59,"column":16},"end":{"line":87,"column":3}},"32":{"start":{"line":60,"column":4},"end":{"line":86,"column":5}},"33":{"start":{"line":61,"column":18},"end":{"line":64,"column":8}},"34":{"start":{"line":66,"column":6},"end":{"line":66,"column":57}},"35":{"start":{"line":66,"column":25},"end":{"line":66,"column":54}},"36":{"start":{"line":67,"column":6},"end":{"line":67,"column":31}},"37":{"start":{"line":68,"column":6},"end":{"line":68,"column":57}},"38":{"start":{"line":69,"column":6},"end":{"line":69,"column":76}},"39":{"start":{"line":70,"column":6},"end":{"line":70,"column":52}},"40":{"start":{"line":73,"column":6},"end":{"line":78,"column":7}},"41":{"start":{"line":74,"column":8},"end":{"line":74,"column":86}},"42":{"start":{"line":75,"column":8},"end":{"line":75,"column":86}},"43":{"start":{"line":77,"column":8},"end":{"line":77,"column":64}},"44":{"start":{"line":80,"column":6},"end":{"line":80,"column":31}},"45":{"start":{"line":81,"column":6},"end":{"line":81,"column":34}},"46":{"start":{"line":83,"column":6},"end":{"line":83,"column":34}},"47":{"start":{"line":84,"column":6},"end":{"line":84,"column":39}},"48":{"start":{"line":85,"column":6},"end":{"line":85,"column":16}},"49":{"start":{"line":89,"column":17},"end":{"line":98,"column":3}},"50":{"start":{"line":90,"column":4},"end":{"line":90,"column":18}},"51":{"start":{"line":91,"column":4},"end":{"line":91,"column":19}},"52":{"start":{"line":92,"column":4},"end":{"line":92,"column":25}},"53":{"start":{"line":94,"column":4},"end":{"line":94,"column":24}},"54":{"start":{"line":95,"column":4},"end":{"line":95,"column":30}},"55":{"start":{"line":96,"column":4},"end":{"line":96,"column":33}},"56":{"start":{"line":97,"column":4},"end":{"line":97,"column":30}},"57":{"start":{"line":100,"column":22},"end":{"line":113,"column":3}},"58":{"start":{"line":101,"column":4},"end":{"line":112,"column":5}},"59":{"start":{"line":102,"column":20},"end":{"line":102,"column":49}},"60":{"start":{"line":103,"column":18},"end":{"line":105,"column":8}},"61":{"start":{"line":106,"column":6},"end":{"line":106,"column":29}},"62":{"start":{"line":107,"column":6},"end":{"line":107,"column":38}},"63":{"start":{"line":109,"column":6},"end":{"line":109,"column":51}},"64":{"start":{"line":110,"column":6},"end":{"line":110,"column":43}},"65":{"start":{"line":111,"column":6},"end":{"line":111,"column":20}},"66":{"start":{"line":115,"column":2},"end":{"line":134,"column":4}}},"fnMap":{"0":{"name":"AuthProvider","decl":{"start":{"line":7,"column":16},"end":{"line":7,"column":28}},"loc":{"start":{"line":7,"column":43},"end":{"line":135,"column":1}},"line":7},"1":{"name":"(anonymous_1)","decl":{"start":{"line":10,"column":24},"end":{"line":10,"column":25}},"loc":{"start":{"line":10,"column":30},"end":{"line":16,"column":3}},"line":10},"2":{"name":"(anonymous_2)","decl":{"start":{"line":17,"column":23},"end":{"line":17,"column":24}},"loc":{"start":{"line":17,"column":29},"end":{"line":19,"column":3}},"line":17},"3":{"name":"(anonymous_3)","decl":{"start":{"line":27,"column":12},"end":{"line":27,"column":13}},"loc":{"start":{"line":27,"column":18},"end":{"line":50,"column":3}},"line":27},"4":{"name":"(anonymous_4)","decl":{"start":{"line":34,"column":14},"end":{"line":34,"column":15}},"loc":{"start":{"line":34,"column":23},"end":{"line":43,"column":9}},"line":34},"5":{"name":"(anonymous_5)","decl":{"start":{"line":44,"column":15},"end":{"line":44,"column":16}},"loc":{"start":{"line":44,"column":21},"end":{"line":48,"column":9}},"line":44},"6":{"name":"(anonymous_6)","decl":{"start":{"line":52,"column":12},"end":{"line":52,"column":13}},"loc":{"start":{"line":52,"column":18},"end":{"line":54,"column":3}},"line":52},"7":{"name":"(anonymous_7)","decl":{"start":{"line":59,"column":16},"end":{"line":59,"column":17}},"loc":{"start":{"line":59,"column":43},"end":{"line":87,"column":3}},"line":59},"8":{"name":"(anonymous_8)","decl":{"start":{"line":66,"column":14},"end":{"line":66,"column":15}},"loc":{"start":{"line":66,"column":25},"end":{"line":66,"column":54}},"line":66},"9":{"name":"(anonymous_9)","decl":{"start":{"line":89,"column":17},"end":{"line":89,"column":18}},"loc":{"start":{"line":89,"column":23},"end":{"line":98,"column":3}},"line":89},"10":{"name":"(anonymous_10)","decl":{"start":{"line":100,"column":22},"end":{"line":100,"column":23}},"loc":{"start":{"line":100,"column":34},"end":{"line":113,"column":3}},"line":100}},"branchMap":{"0":{"loc":{"start":{"line":23,"column":37},"end":{"line":23,"column":74}},"type":"binary-expr","locations":[{"start":{"line":23,"column":37},"end":{"line":23,"column":66}},{"start":{"line":23,"column":70},"end":{"line":23,"column":74}}],"line":23},"1":{"loc":{"start":{"line":28,"column":4},"end":{"line":28,"column":23}},"type":"if","locations":[{"start":{"line":28,"column":4},"end":{"line":28,"column":23}},{"start":{},"end":{}}],"line":28},"2":{"loc":{"start":{"line":29,"column":4},"end":{"line":49,"column":5}},"type":"if","locations":[{"start":{"line":29,"column":4},"end":{"line":49,"column":5}},{"start":{},"end":{}}],"line":29},"3":{"loc":{"start":{"line":39,"column":10},"end":{"line":42,"column":11}},"type":"if","locations":[{"start":{"line":39,"column":10},"end":{"line":42,"column":11}},{"start":{},"end":{}}],"line":39},"4":{"loc":{"start":{"line":53,"column":4},"end":{"line":53,"column":76}},"type":"if","locations":[{"start":{"line":53,"column":4},"end":{"line":53,"column":76}},{"start":{},"end":{}}],"line":53},"5":{"loc":{"start":{"line":69,"column":37},"end":{"line":69,"column":74}},"type":"binary-expr","locations":[{"start":{"line":69,"column":37},"end":{"line":69,"column":54}},{"start":{"line":69,"column":58},"end":{"line":69,"column":74}}],"line":69},"6":{"loc":{"start":{"line":73,"column":6},"end":{"line":78,"column":7}},"type":"if","locations":[{"start":{"line":73,"column":6},"end":{"line":78,"column":7}},{"start":{"line":76,"column":13},"end":{"line":78,"column":7}}],"line":73}},"s":{"0":5,"1":14,"2":14,"3":1,"4":1,"5":1,"6":1,"7":1,"8":14,"9":1,"10":14,"11":14,"12":14,"13":14,"14":14,"15":14,"16":10,"17":5,"18":5,"19":5,"20":4,"21":4,"22":4,"23":2,"24":2,"25":1,"26":1,"27":1,"28":14,"29":9,"30":0,"31":14,"32":1,"33":1,"34":1,"35":1,"36":1,"37":1,"38":1,"39":1,"40":1,"41":1,"42":1,"43":0,"44":1,"45":1,"46":0,"47":0,"48":0,"49":14,"50":1,"51":1,"52":1,"53":1,"54":1,"55":1,"56":1,"57":14,"58":2,"59":2,"60":2,"61":1,"62":1,"63":1,"64":1,"65":1,"66":14},"f":{"0":14,"1":1,"2":1,"3":10,"4":4,"5":1,"6":9,"7":1,"8":1,"9":1,"10":2},"b":{"0":[14,7],"1":[5,5],"2":[5,0],"3":[2,2],"4":[0,9],"5":[1,0],"6":[1,0]},"_coverageSchema":"1a1c01bbd47fc00a2c39e90264f33305004495a9","hash":"4bee5c6ea0a5825551228917023e0a1bab7a1f0c"}
,"C:\\Users\\91750\\Desktop\\SurgeAina\\Code\\frontend_findVirtualMe\\src\\context\\VendorContext.jsx": {"path":"C:\\Users\\91750\\Desktop\\SurgeAina\\Code\\frontend_findVirtualMe\\src\\context\\VendorContext.jsx","statementMap":{"0":{"start":{"line":5,"column":22},"end":{"line":5,"column":37}},"1":{"start":{"line":6,"column":25},"end":{"line":6,"column":56}},"2":{"start":{"line":6,"column":31},"end":{"line":6,"column":56}},"3":{"start":{"line":9,"column":17},"end":{"line":9,"column":28}},"4":{"start":{"line":10,"column":34},"end":{"line":17,"column":4}},"5":{"start":{"line":11,"column":4},"end":{"line":14,"column":5}},"6":{"start":{"line":13,"column":6},"end":{"line":13,"column":40}},"7":{"start":{"line":16,"column":4},"end":{"line":16,"column":58}},"8":{"start":{"line":20,"column":2},"end":{"line":24,"column":11}},"9":{"start":{"line":21,"column":4},"end":{"line":23,"column":5}},"10":{"start":{"line":22,"column":6},"end":{"line":22,"column":22}},"11":{"start":{"line":27,"column":2},"end":{"line":31,"column":17}},"12":{"start":{"line":28,"column":4},"end":{"line":30,"column":5}},"13":{"start":{"line":29,"column":6},"end":{"line":29,"column":49}},"14":{"start":{"line":34,"column":2},"end":{"line":38,"column":17}},"15":{"start":{"line":35,"column":4},"end":{"line":37,"column":5}},"16":{"start":{"line":36,"column":6},"end":{"line":36,"column":46}},"17":{"start":{"line":40,"column":2},"end":{"line":44,"column":4}}},"fnMap":{"0":{"name":"(anonymous_0)","decl":{"start":{"line":6,"column":25},"end":{"line":6,"column":26}},"loc":{"start":{"line":6,"column":31},"end":{"line":6,"column":56}},"line":6},"1":{"name":"VendorProvider","decl":{"start":{"line":8,"column":16},"end":{"line":8,"column":30}},"loc":{"start":{"line":8,"column":67},"end":{"line":45,"column":1}},"line":8},"2":{"name":"(anonymous_2)","decl":{"start":{"line":10,"column":43},"end":{"line":10,"column":44}},"loc":{"start":{"line":10,"column":49},"end":{"line":17,"column":3}},"line":10},"3":{"name":"(anonymous_3)","decl":{"start":{"line":20,"column":12},"end":{"line":20,"column":13}},"loc":{"start":{"line":20,"column":18},"end":{"line":24,"column":3}},"line":20},"4":{"name":"(anonymous_4)","decl":{"start":{"line":27,"column":12},"end":{"line":27,"column":13}},"loc":{"start":{"line":27,"column":18},"end":{"line":31,"column":3}},"line":27},"5":{"name":"(anonymous_5)","decl":{"start":{"line":34,"column":12},"end":{"line":34,"column":13}},"loc":{"start":{"line":34,"column":18},"end":{"line":38,"column":3}},"line":34}},"branchMap":{"0":{"loc":{"start":{"line":8,"column":43},"end":{"line":8,"column":63}},"type":"default-arg","locations":[{"start":{"line":8,"column":58},"end":{"line":8,"column":63}}],"line":8},"1":{"loc":{"start":{"line":11,"column":4},"end":{"line":14,"column":5}},"type":"if","locations":[{"start":{"line":11,"column":4},"end":{"line":14,"column":5}},{"start":{},"end":{}}],"line":11},"2":{"loc":{"start":{"line":16,"column":11},"end":{"line":16,"column":57}},"type":"binary-expr","locations":[{"start":{"line":16,"column":11},"end":{"line":16,"column":13}},{"start":{"line":16,"column":17},"end":{"line":16,"column":49}},{"start":{"line":16,"column":53},"end":{"line":16,"column":57}}],"line":16},"3":{"loc":{"start":{"line":21,"column":4},"end":{"line":23,"column":5}},"type":"if","locations":[{"start":{"line":21,"column":4},"end":{"line":23,"column":5}},{"start":{},"end":{}}],"line":21},"4":{"loc":{"start":{"line":21,"column":8},"end":{"line":21,"column":29}},"type":"binary-expr","locations":[{"start":{"line":21,"column":8},"end":{"line":21,"column":10}},{"start":{"line":21,"column":14},"end":{"line":21,"column":29}}],"line":21},"5":{"loc":{"start":{"line":28,"column":4},"end":{"line":30,"column":5}},"type":"if","locations":[{"start":{"line":28,"column":4},"end":{"line":30,"column":5}},{"start":{},"end":{}}],"line":28},"6":{"loc":{"start":{"line":35,"column":4},"end":{"line":37,"column":5}},"type":"if","locations":[{"start":{"line":35,"column":4},"end":{"line":37,"column":5}},{"start":{},"end":{}}],"line":35},"7":{"loc":{"start":{"line":35,"column":8},"end":{"line":35,"column":40}},"type":"binary-expr","locations":[{"start":{"line":35,"column":8},"end":{"line":35,"column":17}},{"start":{"line":35,"column":21},"end":{"line":35,"column":40}}],"line":35}},"s":{"0":1,"1":1,"2":12,"3":12,"4":12,"5":8,"6":1,"7":7,"8":12,"9":9,"10":1,"11":12,"12":11,"13":8,"14":12,"15":11,"16":1,"17":12},"f":{"0":12,"1":12,"2":8,"3":9,"4":11,"5":11},"b":{"0":[11],"1":[1,7],"2":[7,4,3],"3":[1,8],"4":[9,4],"5":[8,3],"6":[1,10],"7":[11,3]},"_coverageSchema":"1a1c01bbd47fc00a2c39e90264f33305004495a9","hash":"0034466ed49c2c87e72118824321bfd8f10d1438"}
,"C:\\Users\\91750\\Desktop\\SurgeAina\\Code\\frontend_findVirtualMe\\src\\pages\\login\\Auth.jsx": {"path":"C:\\Users\\91750\\Desktop\\SurgeAina\\Code\\frontend_findVirtualMe\\src\\pages\\login\\Auth.jsx","statementMap":{"0":{"start":{"line":8,"column":13},"end":{"line":154,"column":1}},"1":{"start":{"line":9,"column":17},"end":{"line":9,"column":49}},"2":{"start":{"line":10,"column":19},"end":{"line":10,"column":32}},"3":{"start":{"line":11,"column":26},"end":{"line":11,"column":63}},"4":{"start":{"line":12,"column":28},"end":{"line":12,"column":40}},"5":{"start":{"line":13,"column":32},"end":{"line":13,"column":47}},"6":{"start":{"line":14,"column":42},"end":{"line":14,"column":56}},"7":{"start":{"line":15,"column":34},"end":{"line":15,"column":57}},"8":{"start":{"line":17,"column":23},"end":{"line":17,"column":83}},"9":{"start":{"line":17,"column":30},"end":{"line":17,"column":83}},"10":{"start":{"line":19,"column":23},"end":{"line":34,"column":3}},"11":{"start":{"line":20,"column":4},"end":{"line":20,"column":23}},"12":{"start":{"line":21,"column":4},"end":{"line":21,"column":17}},"13":{"start":{"line":22,"column":4},"end":{"line":22,"column":21}},"14":{"start":{"line":24,"column":4},"end":{"line":33,"column":5}},"15":{"start":{"line":25,"column":6},"end":{"line":25,"column":45}},"16":{"start":{"line":26,"column":6},"end":{"line":26,"column":29}},"17":{"start":{"line":26,"column":19},"end":{"line":26,"column":29}},"18":{"start":{"line":27,"column":6},"end":{"line":27,"column":27}},"19":{"start":{"line":29,"column":6},"end":{"line":29,"column":38}},"20":{"start":{"line":30,"column":6},"end":{"line":30,"column":52}},"21":{"start":{"line":32,"column":6},"end":{"line":32,"column":24}},"22":{"start":{"line":36,"column":23},"end":{"line":40,"column":3}},"23":{"start":{"line":37,"column":4},"end":{"line":37,"column":13}},"24":{"start":{"line":38,"column":4},"end":{"line":38,"column":41}},"25":{"start":{"line":39,"column":4},"end":{"line":39,"column":18}},"26":{"start":{"line":42,"column":2},"end":{"line":153,"column":4}},"27":{"start":{"line":51,"column":24},"end":{"line":51,"column":43}},"28":{"start":{"line":85,"column":29},"end":{"line":85,"column":53}},"29":{"start":{"line":86,"column":28},"end":{"line":86,"column":49}},"30":{"start":{"line":110,"column":29},"end":{"line":110,"column":56}},"31":{"start":{"line":111,"column":28},"end":{"line":111,"column":49}},"32":{"start":{"line":143,"column":14},"end":{"line":143,"column":24}},"33":{"start":{"line":144,"column":14},"end":{"line":144,"column":38}}},"fnMap":{"0":{"name":"(anonymous_0)","decl":{"start":{"line":8,"column":13},"end":{"line":8,"column":14}},"loc":{"start":{"line":8,"column":30},"end":{"line":154,"column":1}},"line":8},"1":{"name":"(anonymous_1)","decl":{"start":{"line":17,"column":23},"end":{"line":17,"column":24}},"loc":{"start":{"line":17,"column":30},"end":{"line":17,"column":83}},"line":17},"2":{"name":"(anonymous_2)","decl":{"start":{"line":19,"column":23},"end":{"line":19,"column":24}},"loc":{"start":{"line":19,"column":36},"end":{"line":34,"column":3}},"line":19},"3":{"name":"(anonymous_3)","decl":{"start":{"line":36,"column":23},"end":{"line":36,"column":24}},"loc":{"start":{"line":36,"column":29},"end":{"line":40,"column":3}},"line":36},"4":{"name":"(anonymous_4)","decl":{"start":{"line":51,"column":17},"end":{"line":51,"column":18}},"loc":{"start":{"line":51,"column":24},"end":{"line":51,"column":43}},"line":51},"5":{"name":"(anonymous_5)","decl":{"start":{"line":85,"column":23},"end":{"line":85,"column":24}},"loc":{"start":{"line":85,"column":29},"end":{"line":85,"column":53}},"line":85},"6":{"name":"(anonymous_6)","decl":{"start":{"line":86,"column":22},"end":{"line":86,"column":23}},"loc":{"start":{"line":86,"column":28},"end":{"line":86,"column":49}},"line":86},"7":{"name":"(anonymous_7)","decl":{"start":{"line":110,"column":23},"end":{"line":110,"column":24}},"loc":{"start":{"line":110,"column":29},"end":{"line":110,"column":56}},"line":110},"8":{"name":"(anonymous_8)","decl":{"start":{"line":111,"column":22},"end":{"line":111,"column":23}},"loc":{"start":{"line":111,"column":28},"end":{"line":111,"column":49}},"line":111},"9":{"name":"(anonymous_9)","decl":{"start":{"line":142,"column":21},"end":{"line":142,"column":22}},"loc":{"start":{"line":142,"column":27},"end":{"line":145,"column":13}},"line":142}},"branchMap":{"0":{"loc":{"start":{"line":26,"column":6},"end":{"line":26,"column":29}},"type":"if","locations":[{"start":{"line":26,"column":6},"end":{"line":26,"column":29}},{"start":{},"end":{}}],"line":26},"1":{"loc":{"start":{"line":66,"column":56},"end":{"line":66,"column":107}},"type":"cond-expr","locations":[{"start":{"line":66,"column":63},"end":{"line":66,"column":70}},{"start":{"line":66,"column":73},"end":{"line":66,"column":107}}],"line":66},"2":{"loc":{"start":{"line":72,"column":16},"end":{"line":74,"column":42}},"type":"cond-expr","locations":[{"start":{"line":73,"column":20},"end":{"line":73,"column":68}},{"start":{"line":74,"column":20},"end":{"line":74,"column":42}}],"line":72},"3":{"loc":{"start":{"line":72,"column":16},"end":{"line":72,"column":54}},"type":"binary-expr","locations":[{"start":{"line":72,"column":16},"end":{"line":72,"column":40}},{"start":{"line":72,"column":44},"end":{"line":72,"column":54}}],"line":72},"4":{"loc":{"start":{"line":97,"column":16},"end":{"line":99,"column":42}},"type":"cond-expr","locations":[{"start":{"line":98,"column":20},"end":{"line":98,"column":68}},{"start":{"line":99,"column":20},"end":{"line":99,"column":42}}],"line":97},"5":{"loc":{"start":{"line":97,"column":16},"end":{"line":97,"column":60}},"type":"binary-expr","locations":[{"start":{"line":97,"column":16},"end":{"line":97,"column":43}},{"start":{"line":97,"column":47},"end":{"line":97,"column":60}}],"line":97},"6":{"loc":{"start":{"line":118,"column":11},"end":{"line":118,"column":88}},"type":"binary-expr","locations":[{"start":{"line":118,"column":11},"end":{"line":118,"column":16}},{"start":{"line":118,"column":20},"end":{"line":118,"column":88}}],"line":118},"7":{"loc":{"start":{"line":125,"column":45},"end":{"line":125,"column":82}},"type":"cond-expr","locations":[{"start":{"line":125,"column":55},"end":{"line":125,"column":70}},{"start":{"line":125,"column":73},"end":{"line":125,"column":82}}],"line":125},"8":{"loc":{"start":{"line":129,"column":11},"end":{"line":137,"column":11}},"type":"binary-expr","locations":[{"start":{"line":129,"column":11},"end":{"line":129,"column":15}},{"start":{"line":130,"column":12},"end":{"line":136,"column":21}}],"line":129}},"s":{"0":1,"1":43,"2":43,"3":43,"4":43,"5":43,"6":43,"7":43,"8":43,"9":14,"10":43,"11":4,"12":4,"13":4,"14":4,"15":4,"16":2,"17":2,"18":2,"19":2,"20":2,"21":4,"22":43,"23":2,"24":2,"25":2,"26":43,"27":11,"28":1,"29":1,"30":1,"31":0,"32":3,"33":3},"f":{"0":43,"1":14,"2":4,"3":2,"4":11,"5":1,"6":1,"7":1,"8":0,"9":3},"b":{"0":[2,0],"1":[8,35],"2":[22,21],"3":[43,42],"4":[15,28],"5":[43,42],"6":[43,2],"7":[4,39],"8":[43,8]},"_coverageSchema":"1a1c01bbd47fc00a2c39e90264f33305004495a9","hash":"d0b283142e6082ca8c12fa0e6b2ef0ab64ea5d39"}
,"C:\\Users\\91750\\Desktop\\SurgeAina\\Code\\frontend_findVirtualMe\\src\\pages\\login\\SignUp.jsx": {"path":"C:\\Users\\91750\\Desktop\\SurgeAina\\Code\\frontend_findVirtualMe\\src\\pages\\login\\SignUp.jsx","statementMap":{"0":{"start":{"line":8,"column":17},"end":{"line":8,"column":49}},"1":{"start":{"line":9,"column":26},"end":{"line":9,"column":87}},"2":{"start":{"line":10,"column":32},"end":{"line":10,"column":47}},"3":{"start":{"line":11,"column":27},"end":{"line":11,"column":50}},"4":{"start":{"line":13,"column":19},"end":{"line":13,"column":32}},"5":{"start":{"line":15,"column":23},"end":{"line":17,"column":3}},"6":{"start":{"line":16,"column":4},"end":{"line":16,"column":58}},"7":{"start":{"line":19,"column":23},"end":{"line":43,"column":3}},"8":{"start":{"line":20,"column":4},"end":{"line":20,"column":23}},"9":{"start":{"line":22,"column":4},"end":{"line":25,"column":5}},"10":{"start":{"line":23,"column":6},"end":{"line":23,"column":47}},"11":{"start":{"line":24,"column":6},"end":{"line":24,"column":13}},"12":{"start":{"line":27,"column":4},"end":{"line":42,"column":5}},"13":{"start":{"line":28,"column":18},"end":{"line":28,"column":65}},"14":{"start":{"line":29,"column":31},"end":{"line":29,"column":39}},"15":{"start":{"line":32,"column":6},"end":{"line":32,"column":43}},"16":{"start":{"line":33,"column":6},"end":{"line":33,"column":43}},"17":{"start":{"line":34,"column":6},"end":{"line":34,"column":21}},"18":{"start":{"line":36,"column":6},"end":{"line":36,"column":23}},"19":{"start":{"line":37,"column":6},"end":{"line":37,"column":43}},"20":{"start":{"line":38,"column":6},"end":{"line":38,"column":29}},"21":{"start":{"line":40,"column":6},"end":{"line":40,"column":25}},"22":{"start":{"line":41,"column":6},"end":{"line":41,"column":36}},"23":{"start":{"line":45,"column":2},"end":{"line":97,"column":4}}},"fnMap":{"0":{"name":"SignUp","decl":{"start":{"line":7,"column":24},"end":{"line":7,"column":30}},"loc":{"start":{"line":7,"column":33},"end":{"line":98,"column":1}},"line":7},"1":{"name":"(anonymous_1)","decl":{"start":{"line":15,"column":23},"end":{"line":15,"column":24}},"loc":{"start":{"line":15,"column":30},"end":{"line":17,"column":3}},"line":15},"2":{"name":"(anonymous_2)","decl":{"start":{"line":19,"column":23},"end":{"line":19,"column":24}},"loc":{"start":{"line":19,"column":36},"end":{"line":43,"column":3}},"line":19}},"branchMap":{"0":{"loc":{"start":{"line":22,"column":4},"end":{"line":25,"column":5}},"type":"if","locations":[{"start":{"line":22,"column":4},"end":{"line":25,"column":5}},{"start":{},"end":{}}],"line":22},"1":{"loc":{"start":{"line":22,"column":8},"end":{"line":22,"column":69}},"type":"binary-expr","locations":[{"start":{"line":22,"column":8},"end":{"line":22,"column":18}},{"start":{"line":22,"column":22},"end":{"line":22,"column":33}},{"start":{"line":22,"column":37},"end":{"line":22,"column":51}},{"start":{"line":22,"column":55},"end":{"line":22,"column":69}}],"line":22},"2":{"loc":{"start":{"line":88,"column":7},"end":{"line":95,"column":7}},"type":"binary-expr","locations":[{"start":{"line":88,"column":7},"end":{"line":88,"column":14}},{"start":{"line":89,"column":8},"end":{"line":94,"column":14}}],"line":88}},"s":{"0":24,"1":24,"2":24,"3":24,"4":24,"5":24,"6":16,"7":24,"8":4,"9":4,"10":1,"11":1,"12":3,"13":3,"14":2,"15":2,"16":2,"17":2,"18":2,"19":2,"20":2,"21":1,"22":1,"23":24},"f":{"0":24,"1":16,"2":4},"b":{"0":[1,3],"1":[4,3,3,3],"2":[24,2]},"_coverageSchema":"1a1c01bbd47fc00a2c39e90264f33305004495a9","hash":"e719352da8d47b2457b0f547653052037ec549ff"}
,"C:\\Users\\91750\\Desktop\\SurgeAina\\Code\\frontend_findVirtualMe\\src\\pages\\portfolios\\localVendor\\services\\api.js": {"path":"C:\\Users\\91750\\Desktop\\SurgeAina\\Code\\frontend_findVirtualMe\\src\\pages\\portfolios\\localVendor\\services\\api.js","statementMap":{"0":{"start":{"line":5,"column":12},"end":{"line":7,"column":2}},"1":{"start":{"line":11,"column":23},"end":{"line":11,"column":34}},"2":{"start":{"line":12,"column":2},"end":{"line":27,"column":3}},"3":{"start":{"line":13,"column":4},"end":{"line":26,"column":6}},"4":{"start":{"line":14,"column":39},"end":{"line":14,"column":41}},"5":{"start":{"line":15,"column":32},"end":{"line":15,"column":34}},"6":{"start":{"line":16,"column":38},"end":{"line":16,"column":40}},"7":{"start":{"line":17,"column":33},"end":{"line":17,"column":35}},"8":{"start":{"line":18,"column":33},"end":{"line":18,"column":35}},"9":{"start":{"line":19,"column":33},"end":{"line":19,"column":35}},"10":{"start":{"line":20,"column":27},"end":{"line":20,"column":29}},"11":{"start":{"line":21,"column":35},"end":{"line":21,"column":37}},"12":{"start":{"line":22,"column":30},"end":{"line":22,"column":32}},"13":{"start":{"line":23,"column":30},"end":{"line":23,"column":32}},"14":{"start":{"line":24,"column":33},"end":{"line":24,"column":35}},"15":{"start":{"line":25,"column":35},"end":{"line":25,"column":37}},"16":{"start":{"line":29,"column":15},"end":{"line":29,"column":71}},"17":{"start":{"line":31,"column":2},"end":{"line":167,"column":4}},"18":{"start":{"line":34,"column":23},"end":{"line":34,"column":64}},"19":{"start":{"line":35,"column":6},"end":{"line":35,"column":18}},"20":{"start":{"line":40,"column":18},"end":{"line":40,"column":54}},"21":{"start":{"line":41,"column":6},"end":{"line":41,"column":22}},"22":{"start":{"line":44,"column":23},"end":{"line":44,"column":70}},"23":{"start":{"line":45,"column":6},"end":{"line":45,"column":18}},"24":{"start":{"line":48,"column":23},"end":{"line":48,"column":75}},"25":{"start":{"line":49,"column":6},"end":{"line":49,"column":18}},"26":{"start":{"line":52,"column":23},"end":{"line":52,"column":68}},"27":{"start":{"line":53,"column":6},"end":{"line":53,"column":18}},"28":{"start":{"line":58,"column":18},"end":{"line":58,"column":53}},"29":{"start":{"line":59,"column":6},"end":{"line":59,"column":22}},"30":{"start":{"line":62,"column":23},"end":{"line":62,"column":68}},"31":{"start":{"line":63,"column":6},"end":{"line":63,"column":18}},"32":{"start":{"line":68,"column":23},"end":{"line":72,"column":7}},"33":{"start":{"line":73,"column":6},"end":{"line":73,"column":18}},"34":{"start":{"line":78,"column":23},"end":{"line":78,"column":57}},"35":{"start":{"line":79,"column":6},"end":{"line":79,"column":18}},"36":{"start":{"line":82,"column":23},"end":{"line":84,"column":7}},"37":{"start":{"line":85,"column":6},"end":{"line":85,"column":18}},"38":{"start":{"line":89,"column":23},"end":{"line":89,"column":68}},"39":{"start":{"line":90,"column":6},"end":{"line":90,"column":18}},"40":{"start":{"line":93,"column":23},"end":{"line":95,"column":8}},"41":{"start":{"line":96,"column":6},"end":{"line":96,"column":18}},"42":{"start":{"line":99,"column":23},"end":{"line":99,"column":66}},"43":{"start":{"line":100,"column":6},"end":{"line":100,"column":18}},"44":{"start":{"line":105,"column":23},"end":{"line":105,"column":60}},"45":{"start":{"line":106,"column":6},"end":{"line":106,"column":18}},"46":{"start":{"line":109,"column":23},"end":{"line":111,"column":8}},"47":{"start":{"line":112,"column":6},"end":{"line":112,"column":18}},"48":{"start":{"line":115,"column":23},"end":{"line":117,"column":8}},"49":{"start":{"line":118,"column":6},"end":{"line":118,"column":18}},"50":{"start":{"line":121,"column":23},"end":{"line":121,"column":69}},"51":{"start":{"line":122,"column":6},"end":{"line":122,"column":18}},"52":{"start":{"line":127,"column":23},"end":{"line":127,"column":60}},"53":{"start":{"line":128,"column":6},"end":{"line":128,"column":18}},"54":{"start":{"line":131,"column":23},"end":{"line":131,"column":70}},"55":{"start":{"line":132,"column":6},"end":{"line":132,"column":18}},"56":{"start":{"line":135,"column":23},"end":{"line":135,"column":75}},"57":{"start":{"line":136,"column":6},"end":{"line":136,"column":18}},"58":{"start":{"line":139,"column":23},"end":{"line":139,"column":69}},"59":{"start":{"line":140,"column":6},"end":{"line":140,"column":18}},"60":{"start":{"line":145,"column":23},"end":{"line":145,"column":59}},"61":{"start":{"line":146,"column":6},"end":{"line":146,"column":18}},"62":{"start":{"line":149,"column":23},"end":{"line":151,"column":8}},"63":{"start":{"line":152,"column":6},"end":{"line":152,"column":18}},"64":{"start":{"line":155,"column":23},"end":{"line":158,"column":7}},"65":{"start":{"line":159,"column":6},"end":{"line":159,"column":18}},"66":{"start":{"line":162,"column":23},"end":{"line":164,"column":7}},"67":{"start":{"line":165,"column":6},"end":{"line":165,"column":18}}},"fnMap":{"0":{"name":"useVendorApi","decl":{"start":{"line":10,"column":16},"end":{"line":10,"column":28}},"loc":{"start":{"line":10,"column":31},"end":{"line":168,"column":1}},"line":10},"1":{"name":"(anonymous_1)","decl":{"start":{"line":14,"column":26},"end":{"line":14,"column":27}},"loc":{"start":{"line":14,"column":39},"end":{"line":14,"column":41}},"line":14},"2":{"name":"(anonymous_2)","decl":{"start":{"line":15,"column":19},"end":{"line":15,"column":20}},"loc":{"start":{"line":15,"column":32},"end":{"line":15,"column":34}},"line":15},"3":{"name":"(anonymous_3)","decl":{"start":{"line":16,"column":25},"end":{"line":16,"column":26}},"loc":{"start":{"line":16,"column":38},"end":{"line":16,"column":40}},"line":16},"4":{"name":"(anonymous_4)","decl":{"start":{"line":17,"column":20},"end":{"line":17,"column":21}},"loc":{"start":{"line":17,"column":33},"end":{"line":17,"column":35}},"line":17},"5":{"name":"(anonymous_5)","decl":{"start":{"line":18,"column":20},"end":{"line":18,"column":21}},"loc":{"start":{"line":18,"column":33},"end":{"line":18,"column":35}},"line":18},"6":{"name":"(anonymous_6)","decl":{"start":{"line":19,"column":20},"end":{"line":19,"column":21}},"loc":{"start":{"line":19,"column":33},"end":{"line":19,"column":35}},"line":19},"7":{"name":"(anonymous_7)","decl":{"start":{"line":20,"column":15},"end":{"line":20,"column":16}},"loc":{"start":{"line":20,"column":27},"end":{"line":20,"column":29}},"line":20},"8":{"name":"(anonymous_8)","decl":{"start":{"line":21,"column":22},"end":{"line":21,"column":23}},"loc":{"start":{"line":21,"column":35},"end":{"line":21,"column":37}},"line":21},"9":{"name":"(anonymous_9)","decl":{"start":{"line":22,"column":18},"end":{"line":22,"column":19}},"loc":{"start":{"line":22,"column":30},"end":{"line":22,"column":32}},"line":22},"10":{"name":"(anonymous_10)","decl":{"start":{"line":23,"column":18},"end":{"line":23,"column":19}},"loc":{"start":{"line":23,"column":30},"end":{"line":23,"column":32}},"line":23},"11":{"name":"(anonymous_11)","decl":{"start":{"line":24,"column":20},"end":{"line":24,"column":21}},"loc":{"start":{"line":24,"column":33},"end":{"line":24,"column":35}},"line":24},"12":{"name":"(anonymous_12)","decl":{"start":{"line":25,"column":23},"end":{"line":25,"column":24}},"loc":{"start":{"line":25,"column":35},"end":{"line":25,"column":37}},"line":25},"13":{"name":"(anonymous_13)","decl":{"start":{"line":33,"column":24},"end":{"line":33,"column":25}},"loc":{"start":{"line":33,"column":36},"end":{"line":36,"column":5}},"line":33},"14":{"name":"(anonymous_14)","decl":{"start":{"line":39,"column":15},"end":{"line":39,"column":16}},"loc":{"start":{"line":39,"column":27},"end":{"line":42,"column":5}},"line":39},"15":{"name":"(anonymous_15)","decl":{"start":{"line":43,"column":18},"end":{"line":43,"column":19}},"loc":{"start":{"line":43,"column":38},"end":{"line":46,"column":5}},"line":43},"16":{"name":"(anonymous_16)","decl":{"start":{"line":47,"column":18},"end":{"line":47,"column":19}},"loc":{"start":{"line":47,"column":42},"end":{"line":50,"column":5}},"line":47},"17":{"name":"(anonymous_17)","decl":{"start":{"line":51,"column":18},"end":{"line":51,"column":19}},"loc":{"start":{"line":51,"column":32},"end":{"line":54,"column":5}},"line":51},"18":{"name":"(anonymous_18)","decl":{"start":{"line":57,"column":14},"end":{"line":57,"column":15}},"loc":{"start":{"line":57,"column":26},"end":{"line":60,"column":5}},"line":57},"19":{"name":"(anonymous_19)","decl":{"start":{"line":61,"column":17},"end":{"line":61,"column":18}},"loc":{"start":{"line":61,"column":37},"end":{"line":64,"column":5}},"line":61},"20":{"name":"(anonymous_20)","decl":{"start":{"line":67,"column":23},"end":{"line":67,"column":24}},"loc":{"start":{"line":67,"column":43},"end":{"line":74,"column":5}},"line":67},"21":{"name":"(anonymous_21)","decl":{"start":{"line":77,"column":13},"end":{"line":77,"column":14}},"loc":{"start":{"line":77,"column":25},"end":{"line":80,"column":5}},"line":77},"22":{"name":"(anonymous_22)","decl":{"start":{"line":81,"column":23},"end":{"line":81,"column":24}},"loc":{"start":{"line":81,"column":43},"end":{"line":86,"column":5}},"line":81},"23":{"name":"(anonymous_23)","decl":{"start":{"line":88,"column":20},"end":{"line":88,"column":21}},"loc":{"start":{"line":88,"column":40},"end":{"line":91,"column":5}},"line":88},"24":{"name":"(anonymous_24)","decl":{"start":{"line":92,"column":20},"end":{"line":92,"column":21}},"loc":{"start":{"line":92,"column":44},"end":{"line":97,"column":5}},"line":92},"25":{"name":"(anonymous_25)","decl":{"start":{"line":98,"column":20},"end":{"line":98,"column":21}},"loc":{"start":{"line":98,"column":34},"end":{"line":101,"column":5}},"line":98},"26":{"name":"(anonymous_26)","decl":{"start":{"line":104,"column":16},"end":{"line":104,"column":17}},"loc":{"start":{"line":104,"column":28},"end":{"line":107,"column":5}},"line":104},"27":{"name":"(anonymous_27)","decl":{"start":{"line":108,"column":24},"end":{"line":108,"column":25}},"loc":{"start":{"line":108,"column":44},"end":{"line":113,"column":5}},"line":108},"28":{"name":"(anonymous_28)","decl":{"start":{"line":114,"column":24},"end":{"line":114,"column":25}},"loc":{"start":{"line":114,"column":48},"end":{"line":119,"column":5}},"line":114},"29":{"name":"(anonymous_29)","decl":{"start":{"line":120,"column":24},"end":{"line":120,"column":25}},"loc":{"start":{"line":120,"column":38},"end":{"line":123,"column":5}},"line":120},"30":{"name":"(anonymous_30)","decl":{"start":{"line":126,"column":16},"end":{"line":126,"column":17}},"loc":{"start":{"line":126,"column":28},"end":{"line":129,"column":5}},"line":126},"31":{"name":"(anonymous_31)","decl":{"start":{"line":130,"column":18},"end":{"line":130,"column":19}},"loc":{"start":{"line":130,"column":37},"end":{"line":133,"column":5}},"line":130},"32":{"name":"(anonymous_32)","decl":{"start":{"line":134,"column":18},"end":{"line":134,"column":19}},"loc":{"start":{"line":134,"column":41},"end":{"line":137,"column":5}},"line":134},"33":{"name":"(anonymous_33)","decl":{"start":{"line":138,"column":18},"end":{"line":138,"column":19}},"loc":{"start":{"line":138,"column":32},"end":{"line":141,"column":5}},"line":138},"34":{"name":"(anonymous_34)","decl":{"start":{"line":144,"column":21},"end":{"line":144,"column":22}},"loc":{"start":{"line":144,"column":33},"end":{"line":147,"column":5}},"line":144},"35":{"name":"(anonymous_35)","decl":{"start":{"line":148,"column":23},"end":{"line":148,"column":24}},"loc":{"start":{"line":148,"column":43},"end":{"line":153,"column":5}},"line":148},"36":{"name":"(anonymous_36)","decl":{"start":{"line":154,"column":15},"end":{"line":154,"column":16}},"loc":{"start":{"line":154,"column":49},"end":{"line":160,"column":5}},"line":154},"37":{"name":"(anonymous_37)","decl":{"start":{"line":161,"column":15},"end":{"line":161,"column":16}},"loc":{"start":{"line":161,"column":50},"end":{"line":166,"column":5}},"line":161}},"branchMap":{"0":{"loc":{"start":{"line":6,"column":11},"end":{"line":6,"column":70}},"type":"binary-expr","locations":[{"start":{"line":6,"column":11},"end":{"line":6,"column":43}},{"start":{"line":6,"column":47},"end":{"line":6,"column":70}}],"line":6},"1":{"loc":{"start":{"line":12,"column":2},"end":{"line":27,"column":3}},"type":"if","locations":[{"start":{"line":12,"column":2},"end":{"line":27,"column":3}},{"start":{},"end":{}}],"line":12}},"s":{"0":1,"1":6,"2":6,"3":1,"4":1,"5":0,"6":0,"7":0,"8":0,"9":0,"10":0,"11":0,"12":1,"13":0,"14":0,"15":0,"16":5,"17":5,"18":1,"19":1,"20":0,"21":0,"22":0,"23":0,"24":0,"25":0,"26":0,"27":0,"28":0,"29":0,"30":1,"31":1,"32":0,"33":0,"34":0,"35":0,"36":0,"37":0,"38":1,"39":1,"40":0,"41":0,"42":1,"43":1,"44":1,"45":1,"46":0,"47":0,"48":0,"49":0,"50":0,"51":0,"52":0,"53":0,"54":0,"55":0,"56":0,"57":0,"58":0,"59":0,"60":0,"61":0,"62":0,"63":0,"64":0,"65":0,"66":0,"67":0},"f":{"0":6,"1":1,"2":0,"3":0,"4":0,"5":0,"6":0,"7":0,"8":0,"9":1,"10":0,"11":0,"12":0,"13":1,"14":0,"15":0,"16":0,"17":0,"18":0,"19":1,"20":0,"21":0,"22":0,"23":1,"24":0,"25":1,"26":1,"27":0,"28":0,"29":0,"30":0,"31":0,"32":0,"33":0,"34":0,"35":0,"36":0,"37":0},"b":{"0":[1,1],"1":[1,5]},"_coverageSchema":"1a1c01bbd47fc00a2c39e90264f33305004495a9","hash":"4ccd0466f8e279ef2eae6e8318f37af4560db51c"}
,"C:\\Users\\91750\\Desktop\\SurgeAina\\Code\\frontend_findVirtualMe\\src\\pages\\portfolios\\localVendor\\services\\auth.js": {"path":"C:\\Users\\91750\\Desktop\\SurgeAina\\Code\\frontend_findVirtualMe\\src\\pages\\portfolios\\localVendor\\services\\auth.js","statementMap":{"0":{"start":{"line":10,"column":32},"end":{"line":24,"column":1}},"1":{"start":{"line":11,"column":19},"end":{"line":11,"column":42}},"2":{"start":{"line":13,"column":2},"end":{"line":13,"column":26}},"3":{"start":{"line":13,"column":13},"end":{"line":13,"column":26}},"4":{"start":{"line":16,"column":23},"end":{"line":16,"column":61}},"5":{"start":{"line":17,"column":26},"end":{"line":17,"column":47}},"6":{"start":{"line":20,"column":18},"end":{"line":20,"column":42}},"7":{"start":{"line":21,"column":18},"end":{"line":21,"column":64}},"8":{"start":{"line":23,"column":2},"end":{"line":23,"column":28}}},"fnMap":{"0":{"name":"(anonymous_0)","decl":{"start":{"line":10,"column":32},"end":{"line":10,"column":33}},"loc":{"start":{"line":10,"column":46},"end":{"line":24,"column":1}},"line":10}},"branchMap":{"0":{"loc":{"start":{"line":13,"column":2},"end":{"line":13,"column":26}},"type":"if","locations":[{"start":{"line":13,"column":2},"end":{"line":13,"column":26}},{"start":{},"end":{}}],"line":13},"1":{"loc":{"start":{"line":16,"column":23},"end":{"line":16,"column":61}},"type":"binary-expr","locations":[{"start":{"line":16,"column":23},"end":{"line":16,"column":47}},{"start":{"line":16,"column":51},"end":{"line":16,"column":61}}],"line":16},"2":{"loc":{"start":{"line":17,"column":26},"end":{"line":17,"column":47}},"type":"binary-expr","locations":[{"start":{"line":17,"column":26},"end":{"line":17,"column":41}},{"start":{"line":17,"column":45},"end":{"line":17,"column":47}}],"line":17},"3":{"loc":{"start":{"line":21,"column":18},"end":{"line":21,"column":64}},"type":"binary-expr","locations":[{"start":{"line":21,"column":18},"end":{"line":21,"column":26}},{"start":{"line":21,"column":30},"end":{"line":21,"column":64}}],"line":21},"4":{"loc":{"start":{"line":23,"column":9},"end":{"line":23,"column":27}},"type":"binary-expr","locations":[{"start":{"line":23,"column":9},"end":{"line":23,"column":16}},{"start":{"line":23,"column":20},"end":{"line":23,"column":27}}],"line":23}},"s":{"0":1,"1":4,"2":4,"3":1,"4":3,"5":3,"6":3,"7":3,"8":3},"f":{"0":4},"b":{"0":[1,3],"1":[3,0],"2":[3,0],"3":[3,3],"4":[3,2]},"_coverageSchema":"1a1c01bbd47fc00a2c39e90264f33305004495a9","hash":"8e48679e964ba2b04f22e9af4090ebe19a71419b"}
[...]
,"C:\\Users\\91750\\Desktop\\SurgeAina\\Code\\frontend_findVirtualMe\\src\\pages\\ticketing\\components\\RoadmapColumn.jsx": {"path":"C:\\Users\\91750\\Desktop\\SurgeAina\\Code\\frontend_findVirtualMe\\src\\pages\\ticketing\\components\\RoadmapColumn.jsx","statementMap":{"0":{"start":{"line":8,"column":19},"end":{"line":8,"column":31}},"1":{"start":{"line":10,"column":23},"end":{"line":15,"column":3}},"2":{"start":{"line":11,"column":4},"end":{"line":11,"column":34}},"3":{"start":{"line":11,"column":27},"end":{"line":11,"column":34}},"4":{"start":{"line":12,"column":18},"end":{"line":12,"column":52}},"5":{"start":{"line":13,"column":17},"end":{"line":13,"column":50}},"6":{"start":{"line":14,"column":4},"end":{"line":14,"column":71}},"7":{"start":{"line":17,"column":2},"end":{"line":45,"column":4}},"8":{"start":{"line":32,"column":10},"end":{"line":41,"column":16}}},"fnMap":{"0":{"name":"RoadmapColumn","decl":{"start":{"line":3,"column":24},"end":{"line":3,"column":37}},"loc":{"start":{"line":7,"column":3},"end":{"line":46,"column":1}},"line":7},"1":{"name":"(anonymous_1)","decl":{"start":{"line":10,"column":23},"end":{"line":10,"column":24}},"loc":{"start":{"line":10,"column":32},"end":{"line":15,"column":3}},"line":10},"2":{"name":"(anonymous_2)","decl":{"start":{"line":31,"column":19},"end":{"line":31,"column":20}},"loc":{"start":{"line":32,"column":10},"end":{"line":41,"column":16}},"line":32}},"branchMap":{"0":{"loc":{"start":{"line":4,"column":2},"end":{"line":4,"column":31}},"type":"default-arg","locations":[{"start":{"line":4,"column":10},"end":{"line":4,"column":31}}],"line":4},"1":{"loc":{"start":{"line":5,"column":2},"end":{"line":5,"column":12}},"type":"default-arg","locations":[{"start":{"line":5,"column":10},"end":{"line":5,"column":12}}],"line":5},"2":{"loc":{"start":{"line":11,"column":4},"end":{"line":11,"column":34}},"type":"if","locations":[{"start":{"line":11,"column":4},"end":{"line":11,"column":34}},{"start":{},"end":{}}],"line":11},"3":{"loc":{"start":{"line":13,"column":18},"end":{"line":13,"column":44}},"type":"binary-expr","locations":[{"start":{"line":13,"column":18},"end":{"line":13,"column":37}},{"start":{"line":13,"column":41},"end":{"line":13,"column":44}}],"line":13},"4":{"loc":{"start":{"line":33,"column":13},"end":{"line":40,"column":13}},"type":"cond-expr","locations":[{"start":{"line":34,"column":14},"end":{"line":34,"column":28}},{"start":{"line":36,"column":14},"end":{"line":39,"column":24}}],"line":33}},"s":{"0":8,"1":8,"2":0,"3":0,"4":0,"5":0,"6":0,"7":8,"8":16},"f":{"0":8,"1":0,"2":16},"b":{"0":[0],"1":[0],"2":[0,0],"3":[0,0],"4":[14,2]},"_coverageSchema":"1a1c01bbd47fc00a2c39e90264f33305004495a9","hash":"8067fd71382c2be55ba1da2f1e42dfcec9eac748"}
,"C:\\Users\\91750\\Desktop\\SurgeAina\\Code\\frontend_findVirtualMe\\src\\utils\\axiosAuth.js": {"path":"C:\\Users\\91750\\Desktop\\SurgeAina\\Code\\frontend_findVirtualMe\\src\\utils\\axiosAuth.js","statementMap":{"0":{"start":{"line":3,"column":18},"end":{"line":5,"column":2}},"1":{"start":{"line":7,"column":0},"end":{"line":18,"column":2}},"2":{"start":{"line":9,"column":18},"end":{"line":9,"column":47}},"3":{"start":{"line":11,"column":4},"end":{"line":13,"column":5}},"4":{"start":{"line":12,"column":6},"end":{"line":12,"column":55}},"5":{"start":{"line":15,"column":4},"end":{"line":15,"column":18}},"6":{"start":{"line":17,"column":13},"end":{"line":17,"column":34}}},"fnMap":{"0":{"name":"(anonymous_0)","decl":{"start":{"line":8,"column":2},"end":{"line":8,"column":3}},"loc":{"start":{"line":8,"column":14},"end":{"line":16,"column":3}},"line":8},"1":{"name":"(anonymous_1)","decl":{"start":{"line":17,"column":2},"end":{"line":17,"column":3}},"loc":{"start":{"line":17,"column":13},"end":{"line":17,"column":34}},"line":17}},"branchMap":{"0":{"loc":{"start":{"line":11,"column":4},"end":{"line":13,"column":5}},"type":"if","locations":[{"start":{"line":11,"column":4},"end":{"line":13,"column":5}},{"start":{},"end":{}}],"line":11}},"s":{"0":1,"1":1,"2":2,"3":2,"4":1,"5":2,"6":1},"f":{"0":2,"1":1},"b":{"0":[1,1]},"_coverageSchema":"1a1c01bbd47fc00a2c39e90264f33305004495a9","hash":"260525cd9017f0b74d1a30dd4d553b116ce97d01"}
,"C:\\Users\\91750\\Desktop\\SurgeAina\\Code\\frontend_findVirtualMe\\src\\utils\\portfolioEditLogger.js": {"path":"C:\\Users\\91750\\Desktop\\SurgeAina\\Code\\frontend_findVirtualMe\\src\\utils\\portfolioEditLogger.js","statementMap":{"0":{"start":{"line":3,"column":16},"end":{"line":3,"column":75}},"1":{"start":{"line":6,"column":24},"end":{"line":6,"column":26}},"2":{"start":{"line":7,"column":17},"end":{"line":7,"column":22}},"3":{"start":{"line":8,"column":16},"end":{"line":8,"column":20}},"4":{"start":{"line":9,"column":13},"end":{"line":9,"column":17}},"5":{"start":{"line":10,"column":20},"end":{"line":10,"column":24}},"6":{"start":{"line":13,"column":17},"end":{"line":22,"column":1}},"7":{"start":{"line":15,"column":2},"end":{"line":21,"column":4}},"8":{"start":{"line":16,"column":4},"end":{"line":20,"column":5}},"9":{"start":{"line":17,"column":6},"end":{"line":17,"column":29}},"10":{"start":{"line":18,"column":6},"end":{"line":18,"column":24}},"11":{"start":{"line":19,"column":6},"end":{"line":19,"column":52}},"12":{"start":{"line":19,"column":24},"end":{"line":19,"column":42}},"13":{"start":{"line":25,"column":26},"end":{"line":47,"column":1}},"14":{"start":{"line":26,"column":2},"end":{"line":26,"column":26}},"15":{"start":{"line":26,"column":19},"end":{"line":26,"column":26}},"16":{"start":{"line":28,"column":17},"end":{"line":28,"column":29}},"17":{"start":{"line":29,"column":18},"end":{"line":31,"column":15}},"18":{"start":{"line":33,"column":20},"end":{"line":39,"column":3}},"19":{"start":{"line":41,"column":2},"end":{"line":41,"column":36}},"20":{"start":{"line":44,"column":2},"end":{"line":46,"column":3}},"21":{"start":{"line":45,"column":4},"end":{"line":45,"column":30}},"22":{"start":{"line":50,"column":30},"end":{"line":50,"column":62}},"23":{"start":{"line":62,"column":29},"end":{"line":83,"column":1}},"24":{"start":{"line":63,"column":83},"end":{"line":63,"column":90}},"25":{"start":{"line":65,"column":2},"end":{"line":65,"column":92}},"26":{"start":{"line":66,"column":2},"end":{"line":66,"column":64}},"27":{"start":{"line":67,"column":2},"end":{"line":72,"column":4}},"28":{"start":{"line":74,"column":2},"end":{"line":74,"column":20}},"29":{"start":{"line":75,"column":2},"end":{"line":75,"column":25}},"30":{"start":{"line":78,"column":2},"end":{"line":78,"column":60}},"31":{"start":{"line":79,"column":2},"end":{"line":79,"column":64}},"32":{"start":{"line":80,"column":2},"end":{"line":80,"column":64}},"33":{"start":{"line":82,"column":2},"end":{"line":82,"column":90}},"34":{"start":{"line":88,"column":28},"end":{"line":94,"column":1}},"35":{"start":{"line":89,"column":2},"end":{"line":89,"column":21}},"36":{"start":{"line":90,"column":2},"end":{"line":90,"column":63}},"37":{"start":{"line":91,"column":2},"end":{"line":91,"column":67}},"38":{"start":{"line":92,"column":2},"end":{"line":92,"column":67}},"39":{"start":{"line":93,"column":2},"end":{"line":93,"column":52}},"40":{"start":{"line":101,"column":34},"end":{"line":139,"column":1}},"41":{"start":{"line":102,"column":2},"end":{"line":105,"column":3}},"42":{"start":{"line":103,"column":4},"end":{"line":103,"column":59}},"43":{"start":{"line":104,"column":4},"end":{"line":104,"column":11}},"44":{"start":{"line":107,"column":18},"end":{"line":117,"column":3}},"45":{"start":{"line":119,"column":2},"end":{"line":138,"column":3}},"46":{"start":{"line":121,"column":18},"end":{"line":121,"column":47}},"47":{"start":{"line":122,"column":20},"end":{"line":124,"column":5}},"48":{"start":{"line":125,"column":4},"end":{"line":127,"column":5}},"49":{"start":{"line":126,"column":6},"end":{"line":126,"column":51}},"50":{"start":{"line":129,"column":4},"end":{"line":129,"column":80}},"51":{"start":{"line":131,"column":4},"end":{"line":131,"column":63}},"52":{"start":{"line":134,"column":4},"end":{"line":134,"column":27}},"53":{"start":{"line":136,"column":4},"end":{"line":136,"column":62}},"54":{"start":{"line":144,"column":28},"end":{"line":146,"column":1}},"55":{"start":{"line":145,"column":2},"end":{"line":145,"column":93}},"56":{"start":{"line":151,"column":35},"end":{"line":153,"column":1}},"57":{"start":{"line":152,"column":2},"end":{"line":152,"column":48}}},"fnMap":{"0":{"name":"(anonymous_0)","decl":{"start":{"line":13,"column":17},"end":{"line":13,"column":18}},"loc":{"start":{"line":13,"column":34},"end":{"line":22,"column":1}},"line":13},"1":{"name":"(anonymous_1)","decl":{"start":{"line":15,"column":9},"end":{"line":15,"column":10}},"loc":{"start":{"line":15,"column":27},"end":{"line":21,"column":3}},"line":15},"2":{"name":"(anonymous_2)","decl":{"start":{"line":19,"column":17},"end":{"line":19,"column":18}},"loc":{"start":{"line":19,"column":24},"end":{"line":19,"column":42}},"line":19},"3":{"name":"(anonymous_3)","decl":{"start":{"line":25,"column":26},"end":{"line":25,"column":27}},"loc":{"start":{"line":25,"column":37},"end":{"line":47,"column":1}},"line":25},"4":{"name":"(anonymous_4)","decl":{"start":{"line":62,"column":29},"end":{"line":62,"column":30}},"loc":{"start":{"line":62,"column":42},"end":{"line":83,"column":1}},"line":62},"5":{"name":"(anonymous_5)","decl":{"start":{"line":88,"column":28},"end":{"line":88,"column":29}},"loc":{"start":{"line":88,"column":34},"end":{"line":94,"column":1}},"line":88},"6":{"name":"(anonymous_6)","decl":{"start":{"line":101,"column":34},"end":{"line":101,"column":35}},"loc":{"start":{"line":101,"column":66},"end":{"line":139,"column":1}},"line":101},"7":{"name":"(anonymous_7)","decl":{"start":{"line":144,"column":28},"end":{"line":144,"column":29}},"loc":{"start":{"line":144,"column":34},"end":{"line":146,"column":1}},"line":144},"8":{"name":"(anonymous_8)","decl":{"start":{"line":151,"column":35},"end":{"line":151,"column":36}},"loc":{"start":{"line":151,"column":45},"end":{"line":153,"column":1}},"line":151}},"branchMap":{"0":{"loc":{"start":{"line":3,"column":16},"end":{"line":3,"column":75}},"type":"binary-expr","locations":[{"start":{"line":3,"column":16},"end":{"line":3,"column":48}},{"start":{"line":3,"column":52},"end":{"line":3,"column":75}}],"line":3},"1":{"loc":{"start":{"line":16,"column":4},"end":{"line":20,"column":5}},"type":"if","locations":[{"start":{"line":16,"column":4},"end":{"line":20,"column":5}},{"start":{},"end":{}}],"line":16},"2":{"loc":{"start":{"line":26,"column":2},"end":{"line":26,"column":26}},"type":"if","locations":[{"start":{"line":26,"column":2},"end":{"line":26,"column":26}},{"start":{},"end":{}}],"line":26},"3":{"loc":{"start":{"line":29,"column":18},"end":{"line":31,"column":15}},"type":"cond-expr","locations":[{"start":{"line":30,"column":6},"end":{"line":30,"column":130}},{"start":{"line":31,"column":6},"end":{"line":31,"column":15}}],"line":29},"4":{"loc":{"start":{"line":30,"column":26},"end":{"line":30,"column":58}},"type":"cond-expr","locations":[{"start":{"line":30,"column":38},"end":{"line":30,"column":53}},{"start":{"line":30,"column":56},"end":{"line":30,"column":58}}],"line":30},"5":{"loc":{"start":{"line":30,"column":61},"end":{"line":30,"column":128}},"type":"cond-expr","locations":[{"start":{"line":30,"column":80},"end":{"line":30,"column":123}},{"start":{"line":30,"column":126},"end":{"line":30,"column":128}}],"line":30},"6":{"loc":{"start":{"line":36,"column":11},"end":{"line":36,"column":122}},"type":"cond-expr","locations":[{"start":{"line":36,"column":36},"end":{"line":36,"column":43}},{"start":{"line":36,"column":46},"end":{"line":36,"column":122}}],"line":36},"7":{"loc":{"start":{"line":36,"column":46},"end":{"line":36,"column":122}},"type":"cond-expr","locations":[{"start":{"line":36,"column":106},"end":{"line":36,"column":113}},{"start":{"line":36,"column":116},"end":{"line":36,"column":122}}],"line":36},"8":{"loc":{"start":{"line":36,"column":46},"end":{"line":36,"column":103}},"type":"binary-expr","locations":[{"start":{"line":36,"column":46},"end":{"line":36,"column":72}},{"start":{"line":36,"column":76},"end":{"line":36,"column":103}}],"line":36},"9":{"loc":{"start":{"line":44,"column":2},"end":{"line":46,"column":3}},"type":"if","locations":[{"start":{"line":44,"column":2},"end":{"line":46,"column":3}},{"start":{},"end":{}}],"line":44},"10":{"loc":{"start":{"line":65,"column":14},"end":{"line":65,"column":91}},"type":"binary-expr","locations":[{"start":{"line":65,"column":14},"end":{"line":65,"column":17}},{"start":{"line":65,"column":21},"end":{"line":65,"column":64}},{"start":{"line":65,"column":68},"end":{"line":65,"column":91}}],"line":65},"11":{"loc":{"start":{"line":66,"column":11},"end":{"line":66,"column":63}},"type":"binary-expr","locations":[{"start":{"line":66,"column":11},"end":{"line":66,"column":14}},{"start":{"line":66,"column":18},"end":{"line":66,"column":48}},{"start":{"line":66,"column":52},"end":{"line":66,"column":63}}],"line":66},"12":{"loc":{"start":{"line":68,"column":17},"end":{"line":68,"column":36}},"type":"binary-expr","locations":[{"start":{"line":68,"column":17},"end":{"line":68,"column":28}},{"start":{"line":68,"column":32},"end":{"line":68,"column":36}}],"line":68},"13":{"loc":{"start":{"line":69,"column":19},"end":{"line":69,"column":45}},"type":"binary-expr","locations":[{"start":{"line":69,"column":19},"end":{"line":69,"column":32}},{"start":{"line":69,"column":36},"end":{"line":69,"column":45}}],"line":69},"14":{"loc":{"start":{"line":70,"column":10},"end":{"line":70,"column":54}},"type":"binary-expr","locations":[{"start":{"line":70,"column":10},"end":{"line":70,"column":14}},{"start":{"line":70,"column":18},"end":{"line":70,"column":46}},{"start":{"line":70,"column":50},"end":{"line":70,"column":54}}],"line":70},"15":{"loc":{"start":{"line":71,"column":11},"end":{"line":71,"column":57}},"type":"binary-expr","locations":[{"start":{"line":71,"column":11},"end":{"line":71,"column":16}},{"start":{"line":71,"column":20},"end":{"line":71,"column":49}},{"start":{"line":71,"column":53},"end":{"line":71,"column":57}}],"line":71},"16":{"loc":{"start":{"line":101,"column":49},"end":{"line":101,"column":61}},"type":"default-arg","locations":[{"start":{"line":101,"column":59},"end":{"line":101,"column":61}}],"line":101},"17":{"loc":{"start":{"line":102,"column":2},"end":{"line":105,"column":3}},"type":"if","locations":[{"start":{"line":102,"column":2},"end":{"line":105,"column":3}},{"start":{},"end":{}}],"line":102},"18":{"loc":{"start":{"line":102,"column":6},"end":{"line":102,"column":38}},"type":"binary-expr","locations":[{"start":{"line":102,"column":6},"end":{"line":102,"column":16}},{"start":{"line":102,"column":20},"end":{"line":102,"column":38}}],"line":102},"19":{"loc":{"start":{"line":108,"column":12},"end":{"line":108,"column":51}},"type":"binary-expr","locations":[{"start":{"line":108,"column":12},"end":{"line":108,"column":26}},{"start":{"line":108,"column":30},"end":{"line":108,"column":36}},{"start":{"line":108,"column":40},"end":{"line":108,"column":51}}],"line":108},"20":{"loc":{"start":{"line":109,"column":10},"end":{"line":109,"column":53}},"type":"binary-expr","locations":[{"start":{"line":109,"column":10},"end":{"line":109,"column":22}},{"start":{"line":109,"column":26},"end":{"line":109,"column":45}},{"start":{"line":109,"column":49},"end":{"line":109,"column":53}}],"line":109},"21":{"loc":{"start":{"line":110,"column":11},"end":{"line":110,"column":56}},"type":"binary-expr","locations":[{"start":{"line":110,"column":11},"end":{"line":110,"column":24}},{"start":{"line":110,"column":28},"end":{"line":110,"column":48}},{"start":{"line":110,"column":52},"end":{"line":110,"column":56}}],"line":110},"22":{"loc":{"start":{"line":111,"column":17},"end":{"line":111,"column":74}},"type":"binary-expr","locations":[{"start":{"line":111,"column":17},"end":{"line":111,"column":36}},{"start":{"line":111,"column":40},"end":{"line":111,"column":66}},{"start":{"line":111,"column":70},"end":{"line":111,"column":74}}],"line":111},"23":{"loc":{"start":{"line":112,"column":19},"end":{"line":112,"column":85}},"type":"binary-expr","locations":[{"start":{"line":112,"column":19},"end":{"line":112,"column":40}},{"start":{"line":112,"column":44},"end":{"line":112,"column":72}},{"start":{"line":112,"column":76},"end":{"line":112,"column":85}}],"line":112},"24":{"loc":{"start":{"line":114,"column":15},"end":{"line":114,"column":45}},"type":"binary-expr","locations":[{"start":{"line":114,"column":15},"end":{"line":114,"column":32}},{"start":{"line":114,"column":36},"end":{"line":114,"column":45}}],"line":114},"25":{"loc":{"start":{"line":125,"column":4},"end":{"line":127,"column":5}},"type":"if","locations":[{"start":{"line":125,"column":4},"end":{"line":127,"column":5}},{"start":{},"end":{}}],"line":125},"26":{"loc":{"start":{"line":145,"column":9},"end":{"line":145,"column":92}},"type":"binary-expr","locations":[{"start":{"line":145,"column":9},"end":{"line":145,"column":18}},{"start":{"line":145,"column":22},"end":{"line":145,"column":65}},{"start":{"line":145,"column":69},"end":{"line":145,"column":92}}],"line":145}},"s":{"0":2,"1":2,"2":2,"3":2,"4":2,"5":2,"6":2,"7":2,"8":2,"9":1,"10":1,"11":1,"12":1,"13":2,"14":1,"15":0,"16":1,"17":1,"18":1,"19":1,"20":1,"21":0,"22":2,"23":2,"24":6,"25":6,"26":6,"27":6,"28":6,"29":6,"30":6,"31":6,"32":6,"33":6,"34":2,"35":1,"36":1,"37":1,"38":1,"39":1,"40":2,"41":4,"42":0,"43":0,"44":4,"45":4,"46":4,"47":4,"48":4,"49":0,"50":4,"51":3,"52":3,"53":1,"54":2,"55":3,"56":2,"57":1},"f":{"0":2,"1":2,"2":1,"3":1,"4":6,"5":1,"6":4,"7":3,"8":1},"b":{"0":[2,2],"1":[1,1],"2":[0,1],"3":[1,0],"4":[1,0],"5":[1,0],"6":[1,0],"7":[0,0],"8":[0,0],"9":[0,1],"10":[6,0,0],"11":[6,1,1],"12":[6,3],"13":[6,3],"14":[6,3,3],"15":[6,3,3],"16":[4],"17":[0,4],"18":[4,0],"19":[4,4,0],"20":[4,4,2],"21":[4,4,2],"22":[4,4,1],"23":[4,4,0],"24":[4,4],"25":[0,4],"26":[3,2,1]},"_coverageSchema":"1a1c01bbd47fc00a2c39e90264f33305004495a9","hash":"22353d1d0698f72198bdcfe95d86f3dcc279f4a1"}
}
