TN:
SF:src\pages\portfolios\handyman\ContactForm.jsx
FN:8,ServicesMultiSelect
FN:13,(anonymous_1)
FN:14,(anonymous_2)
FN:19,(anonymous_3)
FN:22,(anonymous_4)
FN:22,(anonymous_5)
FN:24,(anonymous_6)
FN:26,(anonymous_7)
FN:29,(anonymous_8)
FN:58,(anonymous_9)
FN:69,(anonymous_10)
FN:84,(anonymous_11)
FN:107,(anonymous_12)
FN:109,(anonymous_13)
FN:112,(anonymous_14)
FN:113,(anonymous_15)
FN:116,(anonymous_16)
FNF:17
FNH:15
FNDA:11,ServicesMultiSelect
FNDA:3,(anonymous_1)
FNDA:0,(anonymous_2)
FNDA:3,(anonymous_3)
FNDA:1,(anonymous_4)
FNDA:1,(anonymous_5)
FNDA:1,(anonymous_6)
FNDA:0,(anonymous_7)
FNDA:11,(anonymous_8)
FNDA:8,(anonymous_9)
FNDA:1,(anonymous_10)
FNDA:10,(anonymous_11)
FNDA:4,(anonymous_12)
FNDA:4,(anonymous_13)
FNDA:1,(anonymous_14)
FNDA:1,(anonymous_15)
FNDA:1,(anonymous_16)
DA:9,11
DA:10,11
DA:13,11
DA:14,3
DA:15,0
DA:16,0
DA:18,3
DA:19,3
DA:22,11
DA:24,11
DA:25,1
DA:26,0
DA:29,11
DA:30,11
DA:31,2
DA:32,0
DA:35,11
DA:59,8
DA:60,8
DA:61,8
DA:62,8
DA:69,1
DA:84,2
DA:93,10
DA:95,10
DA:102,10
DA:105,10
DA:107,10
DA:108,4
DA:109,4
DA:112,10
DA:113,1
DA:116,10
DA:117,1
DA:118,1
DA:119,1
DA:121,1
DA:122,1
DA:126,1
DA:127,1
DA:135,0
DA:137,1
DA:141,10
LF:43
LH:38
BRDA:8,0,0,0
BRDA:8,1,0,0
BRDA:8,2,0,0
BRDA:15,3,0,0
BRDA:15,3,1,0
BRDA:16,4,0,0
BRDA:16,4,1,0
BRDA:25,5,0,1
BRDA:25,5,1,0
BRDA:25,6,0,1
BRDA:25,6,1,0
BRDA:26,7,0,0
BRDA:26,7,1,0
BRDA:30,8,0,9
BRDA:30,8,1,2
BRDA:30,9,0,11
BRDA:30,9,1,11
BRDA:31,10,0,2
BRDA:31,10,1,0
BRDA:41,11,0,4
BRDA:41,11,1,7
BRDA:46,12,0,2
BRDA:46,12,1,9
BRDA:52,13,0,11
BRDA:52,13,1,4
BRDA:59,14,0,8
BRDA:59,14,1,4
BRDA:59,14,2,0
BRDA:61,15,0,8
BRDA:61,15,1,0
BRDA:84,16,0,1
BRDA:84,17,0,0
BRDA:86,18,0,1
BRDA:87,19,0,10
BRDA:88,20,0,10
BRDA:89,21,0,10
BRDA:90,22,0,10
BRDA:91,23,0,10
BRDA:92,24,0,10
BRDA:118,25,0,0
BRDA:118,25,1,1
BRDA:135,26,0,0
BRDA:135,26,1,0
BRDA:227,27,0,10
BRDA:227,27,1,9
BRDA:229,28,0,2
BRDA:229,28,1,8
BRDA:231,29,0,2
BRDA:231,29,1,8
BRDA:231,30,0,1
BRDA:231,30,1,7
BRF:51
BRH:33
end_of_record
TN:
SF:src\pages\portfolios\handyman\Estimator.jsx
FN:13,(anonymous_0)
FN:18,(anonymous_1)
FN:35,(anonymous_2)
FN:49,(anonymous_3)
FNF:4
FNH:4
FNDA:6,(anonymous_0)
FNDA:6,(anonymous_1)
FNDA:2,(anonymous_2)
FNDA:1,(anonymous_3)
DA:5,1
DA:13,1
DA:14,6
DA:15,6
DA:18,6
DA:19,6
DA:20,3
DA:22,3
DA:23,3
DA:24,3
DA:25,3
DA:28,6
DA:35,2
DA:49,1
LF:14
LH:14
BRDA:19,0,0,3
BRDA:19,0,1,3
BRDA:44,1,0,6
BRDA:44,1,1,3
BRF:4
BRH:4
end_of_record
TN:
SF:src\pages\portfolios\handyman\Footer.jsx
FN:4,(anonymous_0)
FNF:1
FNH:1
FNDA:1,(anonymous_0)
DA:4,1
DA:5,1
LF:2
LH:2
BRF:0
BRH:0
end_of_record
TN:
SF:src\pages\portfolios\handyman\HandyManShowcasePage.jsx
FN:60,(anonymous_0)
FNF:1
FNH:1
FNDA:1,(anonymous_0)
DA:21,1
DA:60,1
DA:61,1
DA:93,1
LF:4
LH:4
BRF:0
BRH:0
end_of_record
TN:
SF:src\pages\portfolios\handyman\Hero.jsx
FN:4,Hero
FNF:1
FNH:1
FNDA:3,Hero
DA:16,3
DA:18,3
LF:2
LH:2
BRDA:6,0,0,1
BRDA:7,1,0,1
BRDA:8,2,0,1
BRDA:9,3,0,2
BRDA:12,4,0,3
BRDA:13,5,0,3
BRDA:14,6,0,3
BRDA:15,7,0,2
BRDA:16,8,0,3
BRDA:16,8,1,0
BRF:10
BRH:9
end_of_record
TN:
SF:src\pages\portfolios\handyman\HeroSubNav.jsx
FN:4,HeroSubNav
FN:6,(anonymous_1)
FN:18,(anonymous_2)
FN:23,(anonymous_3)
FN:28,(anonymous_4)
FNF:5
FNH:1
FNDA:1,HeroSubNav
FNDA:0,(anonymous_1)
FNDA:0,(anonymous_2)
FNDA:0,(anonymous_3)
FNDA:0,(anonymous_4)
DA:6,1
DA:7,0
DA:8,0
DA:9,0
DA:10,0
DA:14,1
DA:18,0
DA:23,0
DA:28,0
LF:9
LH:2
BRDA:9,0,0,0
BRDA:9,0,1,0
BRF:2
BRH:0
end_of_record
TN:
SF:src\pages\portfolios\handyman\Portfolio.jsx
FN:16,Portfolio
FN:29,(anonymous_1)
FN:34,(anonymous_2)
FN:49,(anonymous_3)
FN:55,(anonymous_4)
FN:57,(anonymous_5)
FN:61,(anonymous_6)
FN:63,(anonymous_7)
FN:73,(anonymous_8)
FN:77,(anonymous_9)
FN:90,(anonymous_10)
FNF:11
FNH:11
FNDA:6,Portfolio
FNDA:4,(anonymous_1)
FNDA:1,(anonymous_2)
FNDA:1,(anonymous_3)
FNDA:5,(anonymous_4)
FNDA:11,(anonymous_5)
FNDA:6,(anonymous_6)
FNDA:3,(anonymous_7)
FNDA:20,(anonymous_8)
FNDA:1,(anonymous_9)
FNDA:12,(anonymous_10)
DA:23,6
DA:25,6
DA:26,6
DA:29,6
DA:30,4
DA:31,1
DA:32,1
DA:34,1
DA:35,1
DA:36,1
DA:39,1
DA:40,1
DA:41,1
DA:44,0
DA:45,0
DA:49,1
DA:50,1
DA:55,6
DA:56,5
DA:57,11
DA:58,5
DA:61,6
DA:62,6
DA:63,3
DA:66,6
DA:74,20
DA:77,1
DA:91,12
LF:28
LH:26
BRDA:17,0,0,4
BRDA:18,1,0,4
BRDA:19,2,0,2
BRDA:23,3,0,6
BRDA:23,3,1,4
BRDA:25,4,0,6
BRDA:25,4,1,2
BRDA:30,5,0,3
BRDA:30,5,1,1
BRDA:31,6,0,0
BRDA:31,6,1,1
BRDA:39,7,0,1
BRDA:39,7,1,0
BRDA:40,8,0,1
BRDA:40,8,1,0
BRDA:40,9,0,0
BRDA:40,9,1,0
BRDA:57,10,0,11
BRDA:57,10,1,11
BRDA:62,11,0,5
BRDA:62,11,1,1
BRDA:69,12,0,2
BRDA:69,12,1,4
BRDA:76,13,0,6
BRDA:76,13,1,14
BRDA:86,14,0,1
BRDA:86,14,1,5
BRDA:93,15,0,12
BRDA:93,15,1,12
BRDA:98,16,0,11
BRDA:98,16,1,1
BRF:31
BRH:26
end_of_record
TN:
SF:src\pages\portfolios\handyman\ProcessTimeline.jsx
FN:4,(anonymous_0)
FN:9,(anonymous_1)
FNF:2
FNH:2
FNDA:1,(anonymous_0)
FNDA:5,(anonymous_1)
DA:4,1
DA:5,1
DA:10,5
LF:3
LH:3
BRDA:4,0,0,0
BRDA:7,1,0,1
BRDA:7,1,1,1
BRDA:17,2,0,5
BRDA:17,2,1,4
BRF:5
BRH:4
end_of_record
TN:
SF:src\pages\portfolios\handyman\Services.jsx
FN:9,(anonymous_0)
FN:21,(anonymous_1)
FN:32,(anonymous_2)
FNF:3
FNH:3
FNDA:3,(anonymous_0)
FNDA:8,(anonymous_1)
FNDA:26,(anonymous_2)
DA:9,2
DA:11,3
DA:13,3
DA:15,3
DA:22,8
DA:23,8
DA:24,8
DA:25,8
DA:33,26
LF:9
LH:9
BRDA:9,0,0,0
BRDA:11,1,0,3
BRDA:11,1,1,1
BRDA:13,2,0,3
BRDA:13,2,1,1
BRDA:18,3,0,3
BRDA:18,3,1,3
BRDA:22,4,0,8
BRDA:22,4,1,1
BRDA:22,4,2,0
BRDA:23,5,0,8
BRDA:23,5,1,1
BRDA:23,5,2,0
BRDA:24,6,0,8
BRDA:24,6,1,0
BRDA:27,7,0,8
BRDA:27,7,1,0
BRDA:29,8,0,8
BRDA:29,8,1,8
BRDA:30,9,0,8
BRDA:30,9,1,7
BRF:21
BRH:16
end_of_record
TN:
SF:src\pages\portfolios\handyman\Testimonials.jsx
FN:4,(anonymous_0)
FN:13,(anonymous_1)
FNF:2
FNH:2
FNDA:1,(anonymous_0)
FNDA:2,(anonymous_1)
DA:4,1
DA:5,1
DA:14,2
LF:3
LH:3
BRDA:4,0,0,0
BRDA:7,1,0,1
BRDA:7,1,1,1
BRDA:9,2,0,0
BRDA:9,2,1,1
BRDA:19,3,0,0
BRDA:19,3,1,2
BRDA:20,4,0,0
BRDA:20,4,1,2
BRF:9
BRH:5
end_of_record
