TN:
SF:src\context\AuthContext.jsx
FN:7,AuthProvider
FN:10,(anonymous_1)
FN:17,(anonymous_2)
FN:27,(anonymous_3)
FN:34,(anonymous_4)
FN:43,(anonymous_5)
FN:51,(anonymous_6)
FN:58,(anonymous_7)
FN:65,(anonymous_8)
FN:88,(anonymous_9)
FN:99,(anonymous_10)
FNF:11
FNH:0
FNDA:0,AuthProvider
FNDA:0,(anonymous_1)
FNDA:0,(anonymous_2)
FNDA:0,(anonymous_3)
FNDA:0,(anonymous_4)
FNDA:0,(anonymous_5)
FNDA:0,(anonymous_6)
FNDA:0,(anonymous_7)
FNDA:0,(anonymous_8)
FNDA:0,(anonymous_9)
FNDA:0,(anonymous_10)
DA:5,1
DA:9,0
DA:10,0
DA:11,0
DA:12,0
DA:13,0
DA:14,0
DA:15,0
DA:17,0
DA:18,0
DA:22,0
DA:23,0
DA:24,0
DA:25,0
DA:26,0
DA:27,0
DA:28,0
DA:29,0
DA:30,0
DA:35,0
DA:38,0
DA:39,0
DA:40,0
DA:44,0
DA:45,0
DA:46,0
DA:51,0
DA:52,0
DA:58,0
DA:59,0
DA:60,0
DA:65,0
DA:66,0
DA:67,0
DA:68,0
DA:69,0
DA:72,0
DA:73,0
DA:74,0
DA:76,0
DA:79,0
DA:80,0
DA:82,0
DA:83,0
DA:84,0
DA:88,0
DA:89,0
DA:90,0
DA:91,0
DA:93,0
DA:94,0
DA:95,0
DA:96,0
DA:99,0
DA:100,0
DA:101,0
DA:102,0
DA:105,0
DA:106,0
DA:108,0
DA:109,0
DA:110,0
DA:114,0
LF:63
LH:1
BRDA:23,0,0,0
BRDA:23,0,1,0
BRDA:28,1,0,0
BRDA:28,1,1,0
BRDA:29,2,0,0
BRDA:29,2,1,0
BRDA:38,3,0,0
BRDA:38,3,1,0
BRDA:52,4,0,0
BRDA:52,4,1,0
BRDA:68,5,0,0
BRDA:68,5,1,0
BRDA:72,6,0,0
BRDA:72,6,1,0
BRF:14
BRH:0
end_of_record
TN:
SF:src\pages\portfolios\localVendor\services\api.js
FN:10,useVendorApi
FN:14,(anonymous_1)
FN:15,(anonymous_2)
FN:16,(anonymous_3)
FN:17,(anonymous_4)
FN:18,(anonymous_5)
FN:19,(anonymous_6)
FN:20,(anonymous_7)
FN:21,(anonymous_8)
FN:22,(anonymous_9)
FN:23,(anonymous_10)
FN:24,(anonymous_11)
FN:25,(anonymous_12)
FN:33,(anonymous_13)
FN:39,(anonymous_14)
FN:43,(anonymous_15)
FN:47,(anonymous_16)
FN:51,(anonymous_17)
FN:57,(anonymous_18)
FN:61,(anonymous_19)
FN:67,(anonymous_20)
FN:77,(anonymous_21)
FN:81,(anonymous_22)
FN:88,(anonymous_23)
FN:92,(anonymous_24)
FN:98,(anonymous_25)
FN:104,(anonymous_26)
FN:108,(anonymous_27)
FN:114,(anonymous_28)
FN:120,(anonymous_29)
FN:126,(anonymous_30)
FN:130,(anonymous_31)
FN:134,(anonymous_32)
FN:138,(anonymous_33)
FN:144,(anonymous_34)
FN:148,(anonymous_35)
FN:154,(anonymous_36)
FN:161,(anonymous_37)
FNF:38
FNH:8
FNDA:6,useVendorApi
FNDA:1,(anonymous_1)
FNDA:0,(anonymous_2)
FNDA:0,(anonymous_3)
FNDA:0,(anonymous_4)
FNDA:0,(anonymous_5)
FNDA:0,(anonymous_6)
FNDA:0,(anonymous_7)
FNDA:0,(anonymous_8)
FNDA:1,(anonymous_9)
FNDA:0,(anonymous_10)
FNDA:0,(anonymous_11)
FNDA:0,(anonymous_12)
FNDA:1,(anonymous_13)
FNDA:0,(anonymous_14)
FNDA:0,(anonymous_15)
FNDA:0,(anonymous_16)
FNDA:0,(anonymous_17)
FNDA:0,(anonymous_18)
FNDA:1,(anonymous_19)
FNDA:0,(anonymous_20)
FNDA:0,(anonymous_21)
FNDA:0,(anonymous_22)
FNDA:1,(anonymous_23)
FNDA:0,(anonymous_24)
FNDA:1,(anonymous_25)
FNDA:1,(anonymous_26)
FNDA:0,(anonymous_27)
FNDA:0,(anonymous_28)
FNDA:0,(anonymous_29)
FNDA:0,(anonymous_30)
FNDA:0,(anonymous_31)
FNDA:0,(anonymous_32)
FNDA:0,(anonymous_33)
FNDA:0,(anonymous_34)
FNDA:0,(anonymous_35)
FNDA:0,(anonymous_36)
FNDA:0,(anonymous_37)
DA:5,1
DA:11,6
DA:12,6
DA:13,1
DA:14,1
DA:15,0
DA:16,0
DA:17,0
DA:18,0
DA:19,0
DA:20,0
DA:21,0
DA:22,1
DA:23,0
DA:24,0
DA:25,0
DA:29,5
DA:31,5
DA:34,1
DA:35,1
DA:40,0
DA:41,0
DA:44,0
DA:45,0
DA:48,0
DA:49,0
DA:52,0
DA:53,0
DA:58,0
DA:59,0
DA:62,1
DA:63,1
DA:68,0
DA:73,0
DA:78,0
DA:79,0
DA:82,0
DA:85,0
DA:89,1
DA:90,1
DA:93,0
DA:96,0
DA:99,1
DA:100,1
DA:105,1
DA:106,1
DA:109,0
DA:112,0
DA:115,0
DA:118,0
DA:121,0
DA:122,0
DA:127,0
DA:128,0
DA:131,0
DA:132,0
DA:135,0
DA:136,0
DA:139,0
DA:140,0
DA:145,0
DA:146,0
DA:149,0
DA:152,0
DA:155,0
DA:159,0
DA:162,0
DA:165,0
LF:68
LH:18
BRDA:6,0,0,1
BRDA:6,0,1,1
BRDA:12,1,0,1
BRDA:12,1,1,5
BRF:4
BRH:4
end_of_record
TN:
SF:src\pages\portfolios\localVendor\services\auth.js
FN:10,(anonymous_0)
FNF:1
FNH:1
FNDA:4,(anonymous_0)
DA:10,1
DA:11,4
DA:13,4
DA:16,3
DA:17,3
DA:20,3
DA:21,3
DA:23,3
LF:8
LH:8
BRDA:13,0,0,1
BRDA:13,0,1,3
BRDA:16,1,0,3
BRDA:16,1,1,0
BRDA:17,2,0,3
BRDA:17,2,1,0
BRDA:21,3,0,3
BRDA:21,3,1,3
BRDA:23,4,0,3
BRDA:23,4,1,2
BRF:10
BRH:8
end_of_record
TN:
SF:src\pages\portfolios\localVendor\services\fileValidator.js
FN:4,validateImageFile
FNF:1
FNH:1
FNDA:6,validateImageFile
DA:1,1
DA:2,1
DA:5,6
DA:7,5
DA:8,1
DA:14,4
DA:15,1
DA:21,3
LF:8
LH:8
BRDA:5,0,0,1
BRDA:5,0,1,5
BRDA:7,1,0,1
BRDA:7,1,1,4
BRDA:14,2,0,1
BRDA:14,2,1,3
BRF:6
BRH:6
end_of_record
TN:
SF:src\utils\axiosAuth.js
FN:8,(anonymous_0)
FN:17,(anonymous_1)
FNF:2
FNH:2
FNDA:2,(anonymous_0)
FNDA:1,(anonymous_1)
DA:3,1
DA:7,1
DA:9,2
DA:11,2
DA:12,1
DA:15,2
DA:17,1
LF:7
LH:7
BRDA:11,0,0,1
BRDA:11,0,1,1
BRF:2
BRH:2
end_of_record
TN:
SF:src\utils\portfolioEditLogger.js
FN:13,(anonymous_0)
FN:15,(anonymous_1)
FN:19,(anonymous_2)
FN:25,(anonymous_3)
FN:62,(anonymous_4)
FN:88,(anonymous_5)
FN:101,(anonymous_6)
FN:144,(anonymous_7)
FN:151,(anonymous_8)
FNF:9
FNH:9
FNDA:2,(anonymous_0)
FNDA:2,(anonymous_1)
FNDA:1,(anonymous_2)
FNDA:1,(anonymous_3)
FNDA:6,(anonymous_4)
FNDA:1,(anonymous_5)
FNDA:4,(anonymous_6)
FNDA:3,(anonymous_7)
FNDA:1,(anonymous_8)
DA:3,2
DA:6,2
DA:7,2
DA:8,2
DA:9,2
DA:10,2
DA:13,2
DA:15,2
DA:16,2
DA:17,1
DA:18,1
DA:19,1
DA:25,2
DA:26,1
DA:28,1
DA:29,1
DA:33,1
DA:41,1
DA:44,1
DA:45,0
DA:50,2
DA:62,2
DA:63,6
DA:65,6
DA:66,6
DA:67,6
DA:74,6
DA:75,6
DA:78,6
DA:79,6
DA:80,6
DA:82,6
DA:88,2
DA:89,1
DA:90,1
DA:91,1
DA:92,1
DA:93,1
DA:101,2
DA:102,4
DA:103,0
DA:104,0
DA:107,4
DA:119,4
DA:121,4
DA:122,4
DA:125,4
DA:126,0
DA:129,4
DA:131,3
DA:134,3
DA:136,1
DA:144,2
DA:145,3
DA:151,2
DA:152,1
LF:56
LH:52
BRDA:3,0,0,2
BRDA:3,0,1,2
BRDA:16,1,0,1
BRDA:16,1,1,1
BRDA:26,2,0,0
BRDA:26,2,1,1
BRDA:29,3,0,1
BRDA:29,3,1,0
BRDA:30,4,0,1
BRDA:30,4,1,0
BRDA:30,5,0,1
BRDA:30,5,1,0
BRDA:36,6,0,1
BRDA:36,6,1,0
BRDA:36,7,0,0
BRDA:36,7,1,0
BRDA:36,8,0,0
BRDA:36,8,1,0
BRDA:44,9,0,0
BRDA:44,9,1,1
BRDA:65,10,0,6
BRDA:65,10,1,0
BRDA:65,10,2,0
BRDA:66,11,0,6
BRDA:66,11,1,1
BRDA:66,11,2,1
BRDA:68,12,0,6
BRDA:68,12,1,3
BRDA:69,13,0,6
BRDA:69,13,1,3
BRDA:70,14,0,6
BRDA:70,14,1,3
BRDA:70,14,2,3
BRDA:71,15,0,6
BRDA:71,15,1,3
BRDA:71,15,2,3
BRDA:101,16,0,4
BRDA:102,17,0,0
BRDA:102,17,1,4
BRDA:102,18,0,4
BRDA:102,18,1,0
BRDA:108,19,0,4
BRDA:108,19,1,4
BRDA:108,19,2,0
BRDA:109,20,0,4
BRDA:109,20,1,4
BRDA:109,20,2,2
BRDA:110,21,0,4
BRDA:110,21,1,4
BRDA:110,21,2,2
BRDA:111,22,0,4
BRDA:111,22,1,4
BRDA:111,22,2,1
BRDA:112,23,0,4
BRDA:112,23,1,4
BRDA:112,23,2,0
BRDA:114,24,0,4
BRDA:114,24,1,4
BRDA:125,25,0,0
BRDA:125,25,1,4
BRDA:145,26,0,3
BRDA:145,26,1,2
BRDA:145,26,2,1
BRF:63
BRH:46
end_of_record
